  INFO: Target technology path: /scratch/projects/yingj4/esp/rtl/techmap/virtex7/mem
  INFO: Found SRAM definition                   BRAM_16384x1  16384  1-bit words  2 read/write ports 
  INFO: Found SRAM definition                    BRAM_8192x2   8192  2-bit words  2 read/write ports 
  INFO: Found SRAM definition                    BRAM_4096x4   4096  4-bit words  2 read/write ports 
  INFO: Found SRAM definition                    BRAM_2048x8   2048  8-bit words  2 read/write ports 
  INFO: Found SRAM definition                   BRAM_1024x16   1024 16-bit words  2 read/write ports 
  INFO: Found SRAM definition                    BRAM_512x32    512 32-bit words  2 read/write ports 
  INFO: Output path: /scratch/projects/yingj4/esp/tech/virtex7/memgen/mac_stratus
  INFO: Stratus memory library path: ./memlib
  INFO: Memory list file: ../memlist.txt
  INFO: Generating mac_plm_block_in_dma32...
        6400 words, 32 bits, 1w:0r 0w:1r
        read_interfaces 1
        write_interfaces 1
        duplication_factor 1
        distribution_factor 1
        need_dual_port False
        need_parallel_rw False
        d-banks 1
        h-banks 1
        v-banks 13
        hh-banks 1
        bank type BRAM_512x32
        Write interfaces are assigned to ports [0]
        Read interfaces are assigned to ports [0]
        Total area 13.0
  INFO: Generating SystemC explicit memory definition for mac_plm_block_in_dma32
  INFO: Generating Stratus bdw_memgen input for mac_plm_block_in_dma32
  INFO: Generating mac_plm_block_out_dma32...
        100 words, 32 bits, 1w:0r 0w:1r
        read_interfaces 1
        write_interfaces 1
        duplication_factor 1
        distribution_factor 1
        need_dual_port False
        need_parallel_rw False
        d-banks 1
        h-banks 1
        v-banks 1
        hh-banks 1
        bank type BRAM_512x32
        Write interfaces are assigned to ports [0]
        Read interfaces are assigned to ports [0]
        Total area 1.0
  INFO: Generating SystemC explicit memory definition for mac_plm_block_out_dma32
  INFO: Generating Stratus bdw_memgen input for mac_plm_block_out_dma32
  INFO: Generating mac_plm_block_in_dma64...
        6400 words, 32 bits, 2w:0r 0w:1r
        read_interfaces 1
        write_interfaces 2
        duplication_factor 1
        distribution_factor 1
        need_dual_port True
        need_parallel_rw False
        d-banks 1
        h-banks 1
        v-banks 13
        hh-banks 1
        bank type BRAM_512x32
        Write interfaces are assigned to ports [0, 1]
        Read interfaces are assigned to ports [0]
        Total area 13.0
  INFO: Generating SystemC explicit memory definition for mac_plm_block_in_dma64
  INFO: Generating Stratus bdw_memgen input for mac_plm_block_in_dma64
  INFO: Generating mac_plm_block_out_dma64...
        100 words, 32 bits, 1w:0r 0w:2r
        read_interfaces 2
        write_interfaces 1
        duplication_factor 1
        distribution_factor 1
        need_dual_port True
        need_parallel_rw False
        d-banks 1
        h-banks 1
        v-banks 1
        hh-banks 1
        bank type BRAM_512x32
        Write interfaces are assigned to ports [0]
        Read interfaces are assigned to ports [0, 1]
        Total area 1.0
  INFO: Generating SystemC explicit memory definition for mac_plm_block_out_dma64
  INFO: Generating Stratus bdw_memgen input for mac_plm_block_out_dma64
