

================================================================
== Vivado HLS Report for 'top'
================================================================
* Date:           Sun Mar 28 21:17:45 2021

* Version:        2019.2 (Build 2704478 on Wed Nov 06 22:10:23 MST 2019)
* Project:        mac_vivado_dma32_w32
* Solution:       mac_vivado_acc
* Product family: virtex7
* Target device:  xc7v2000t-flg1925-2


================================================================
== Performance Estimates
================================================================
+ Timing: 
    * Summary: 
    +--------+----------+----------+------------+
    |  Clock |  Target  | Estimated| Uncertainty|
    +--------+----------+----------+------------+
    |ap_clk  | 10.00 ns | 7.871 ns |   1.25 ns  |
    +--------+----------+----------+------------+

+ Latency: 
    * Summary: 
    +---------+---------+----------+----------+-----+-----+---------+
    |  Latency (cycles) |  Latency (absolute) |  Interval | Pipeline|
    |   min   |   max   |    min   |    max   | min | max |   Type  |
    +---------+---------+----------+----------+-----+-----+---------+
    |        ?|        ?|         ?|         ?|    ?|    ?|   none  |
    +---------+---------+----------+----------+-----+-----+---------+

    + Detail: 
        * Instance: 
        N/A

        * Loop: 
        +------------+---------+---------+----------+-----------+-----------+------+----------+
        |            |  Latency (cycles) | Iteration|  Initiation Interval  | Trip |          |
        |  Loop Name |   min   |   max   |  Latency |  achieved |   target  | Count| Pipelined|
        +------------+---------+---------+----------+-----------+-----------+------+----------+
        |- batching  |        ?|        ?|         ?|          -|          -|     1|    no    |
        +------------+---------+---------+----------+-----------+-----------+------+----------+

============================================================
+ Verbose Summary: Synthesis Manager
============================================================
InlineROM: 1
ExposeGlobal: 0
============================================================
+ Verbose Summary: CDFG Model
============================================================
IsTopModel: 1
ResetActiveHigh: 1
IsCombinational: 2
IsDatapathOnly: 0
HasWiredReturn: 1
HasMFsm: 0
HasVarLatency: 1
IsPipeline: 0
IsRtlPipelined: 0
IsInstanceOverlapped: 0
IsDontTouch: 0
HasImplIP: 0
IsGatedGlobalClock: 0


============================================================
+ Verbose Summary: Schedule
============================================================
* Number of FSM states : 3
* Pipeline : 0
* Dataflow Pipeline: 1
  DF-Pipeline-0: Size = 2, States = { 2 3 }

* FSM state transitions: 
1 --> 2 
2 --> 3 
3 --> 2 

* FSM state operations: 

State 1 <SV = 0> <Delay = 0.85>
ST_1 : Operation 4 [1/1] (0.00ns)   --->   "call void (...)* @_ssdm_op_SpecBitsMap(i96* %store_ctrl), !map !51"   --->   Operation 4 'specbitsmap' <Predicate = true> <Delay = 0.00>
ST_1 : Operation 5 [1/1] (0.00ns)   --->   "call void (...)* @_ssdm_op_SpecBitsMap(i96* %load_ctrl), !map !63"   --->   Operation 5 'specbitsmap' <Predicate = true> <Delay = 0.00>
ST_1 : Operation 6 [1/1] (0.00ns)   --->   "call void (...)* @_ssdm_op_SpecBitsMap(i32* %out_word_V), !map !73"   --->   Operation 6 'specbitsmap' <Predicate = true> <Delay = 0.00>
ST_1 : Operation 7 [1/1] (0.00ns)   --->   "call void (...)* @_ssdm_op_SpecBitsMap(i32* %in1_word_V), !map !79"   --->   Operation 7 'specbitsmap' <Predicate = true> <Delay = 0.00>
ST_1 : Operation 8 [1/1] (0.00ns)   --->   "call void (...)* @_ssdm_op_SpecBitsMap(i32 %conf_info_mac_n), !map !83"   --->   Operation 8 'specbitsmap' <Predicate = true> <Delay = 0.00>
ST_1 : Operation 9 [1/1] (0.00ns)   --->   "call void (...)* @_ssdm_op_SpecBitsMap(i32 %conf_info_mac_vec), !map !89"   --->   Operation 9 'specbitsmap' <Predicate = true> <Delay = 0.00>
ST_1 : Operation 10 [1/1] (0.00ns)   --->   "call void (...)* @_ssdm_op_SpecBitsMap(i32 %conf_info_mac_len), !map !93"   --->   Operation 10 'specbitsmap' <Predicate = true> <Delay = 0.00>
ST_1 : Operation 11 [1/1] (0.00ns)   --->   "call void (...)* @_ssdm_op_SpecTopModule([4 x i8]* @top_str) nounwind"   --->   Operation 11 'spectopmodule' <Predicate = true> <Delay = 0.00>
ST_1 : Operation 12 [1/1] (0.00ns)   --->   "call void (...)* @_ssdm_op_SpecInterface(i32* %in1_word_V, [8 x i8]* @p_str3, i32 0, i32 0, [1 x i8]* @p_str1, i32 0, i32 100000, [1 x i8]* @p_str1, [1 x i8]* @p_str1, [1 x i8]* @p_str1, i32 0, i32 0, i32 0, i32 0, [1 x i8]* @p_str1, [1 x i8]* @p_str1) nounwind"   --->   Operation 12 'specinterface' <Predicate = true> <Delay = 0.00>
ST_1 : Operation 13 [1/1] (0.00ns)   --->   "call void (...)* @_ssdm_op_SpecInterface(i32* %out_word_V, [8 x i8]* @p_str3, i32 0, i32 0, [1 x i8]* @p_str1, i32 0, i32 100000, [1 x i8]* @p_str1, [1 x i8]* @p_str1, [1 x i8]* @p_str1, i32 0, i32 0, i32 0, i32 0, [1 x i8]* @p_str1, [1 x i8]* @p_str1) nounwind"   --->   Operation 13 'specinterface' <Predicate = true> <Delay = 0.00>
ST_1 : Operation 14 [1/1] (0.00ns)   --->   "call void (...)* @_ssdm_op_SpecInterface(i96* %load_ctrl, [6 x i8]* @p_str4, i32 0, i32 0, [1 x i8]* @p_str1, i32 0, i32 10, [1 x i8]* @p_str1, [1 x i8]* @p_str1, [1 x i8]* @p_str1, i32 0, i32 0, i32 0, i32 0, [1 x i8]* @p_str1, [1 x i8]* @p_str1) nounwind" [../src/espacc.cc:119]   --->   Operation 14 'specinterface' <Predicate = true> <Delay = 0.00>
ST_1 : Operation 15 [1/1] (0.00ns)   --->   "call void (...)* @_ssdm_op_SpecInterface(i96* %store_ctrl, [6 x i8]* @p_str4, i32 0, i32 0, [1 x i8]* @p_str1, i32 0, i32 10, [1 x i8]* @p_str1, [1 x i8]* @p_str1, [1 x i8]* @p_str1, i32 0, i32 0, i32 0, i32 0, [1 x i8]* @p_str1, [1 x i8]* @p_str1) nounwind" [../src/espacc.cc:119]   --->   Operation 15 'specinterface' <Predicate = true> <Delay = 0.00>
ST_1 : Operation 16 [1/1] (0.00ns)   --->   "call void (...)* @_ssdm_op_SpecInterface(i32 %conf_info_mac_len, [8 x i8]* @p_str5, i32 0, i32 0, [1 x i8]* @p_str1, i32 0, i32 0, [1 x i8]* @p_str1, [1 x i8]* @p_str1, [1 x i8]* @p_str1, i32 0, i32 0, i32 0, i32 0, [1 x i8]* @p_str1, [1 x i8]* @p_str1) nounwind" [../src/espacc.cc:119]   --->   Operation 16 'specinterface' <Predicate = true> <Delay = 0.00>
ST_1 : Operation 17 [1/1] (0.00ns)   --->   "call void (...)* @_ssdm_op_SpecInterface(i32 %conf_info_mac_n, [8 x i8]* @p_str5, i32 0, i32 0, [1 x i8]* @p_str1, i32 0, i32 0, [1 x i8]* @p_str1, [1 x i8]* @p_str1, [1 x i8]* @p_str1, i32 0, i32 0, i32 0, i32 0, [1 x i8]* @p_str1, [1 x i8]* @p_str1) nounwind" [../src/espacc.cc:119]   --->   Operation 17 'specinterface' <Predicate = true> <Delay = 0.00>
ST_1 : Operation 18 [1/1] (0.00ns)   --->   "call void (...)* @_ssdm_op_SpecInterface(i32 %conf_info_mac_vec, [8 x i8]* @p_str5, i32 0, i32 0, [1 x i8]* @p_str1, i32 0, i32 0, [1 x i8]* @p_str1, [1 x i8]* @p_str1, [1 x i8]* @p_str1, i32 0, i32 0, i32 0, i32 0, [1 x i8]* @p_str1, [1 x i8]* @p_str1) nounwind" [../src/espacc.cc:119]   --->   Operation 18 'specinterface' <Predicate = true> <Delay = 0.00>
ST_1 : Operation 19 [1/1] (0.00ns)   --->   "%conf_info_mac_len_re = call i32 @_ssdm_op_Read.ap_none.i32(i32 %conf_info_mac_len)" [../src/espacc.cc:112]   --->   Operation 19 'read' 'conf_info_mac_len_re' <Predicate = true> <Delay = 0.00>
ST_1 : Operation 20 [1/1] (0.00ns)   --->   "%conf_info_mac_vec_re = call i32 @_ssdm_op_Read.ap_none.i32(i32 %conf_info_mac_vec)" [../src/espacc.cc:112]   --->   Operation 20 'read' 'conf_info_mac_vec_re' <Predicate = true> <Delay = 0.00>
ST_1 : Operation 21 [1/1] (0.00ns)   --->   "%conf_info_mac_n_read = call i32 @_ssdm_op_Read.ap_none.i32(i32 %conf_info_mac_n)" [../src/espacc.cc:112]   --->   Operation 21 'read' 'conf_info_mac_n_read' <Predicate = true> <Delay = 0.00>
ST_1 : Operation 22 [1/1] (0.85ns)   --->   "br label %1" [../src/espacc.cc:127]   --->   Operation 22 'br' <Predicate = true> <Delay = 0.85>

State 2 <SV = 1> <Delay = 5.48>
ST_2 : Operation 23 [1/1] (0.00ns)   --->   "%b_0 = phi i32 [ 0, %0 ], [ %b, %batching ]"   --->   Operation 23 'phi' 'b_0' <Predicate = true> <Delay = 0.00>
ST_2 : Operation 24 [1/1] (1.26ns)   --->   "%icmp_ln127 = icmp eq i32 %b_0, %conf_info_mac_n_read" [../src/espacc.cc:127]   --->   Operation 24 'icmp' 'icmp_ln127' <Predicate = true> <Delay = 1.26> <Core = "Cmp">   --->   Core 25 'Cmp' <Latency = 0> <II = 1> <Delay = 1.26> <FuncUnit> <Opcode : 'icmp'> <InPorts = 2> <OutPorts = 1>
ST_2 : Operation 25 [1/1] (0.00ns)   --->   "call void (...)* @_ssdm_op_SpecDataflowPipeline(i32 -1, i32 0, [21 x i8]* @dataflow_parent_loop, i32 %b_0, i32 %conf_info_mac_n)" [../src/espacc.cc:127]   --->   Operation 25 'specdataflowpipeline' <Predicate = true> <Delay = 0.00>
ST_2 : Operation 26 [1/1] (1.51ns)   --->   "%b = add i32 %b_0, 1" [../src/espacc.cc:127]   --->   Operation 26 'add' 'b' <Predicate = true> <Delay = 1.51> <Core = "AddSub">   --->   Core 14 'AddSub' <Latency = 0> <II = 1> <Delay = 1.51> <FuncUnit> <Opcode : 'add' 'sub'> <InPorts = 2> <OutPorts = 1>
ST_2 : Operation 27 [1/1] (0.00ns)   --->   "br i1 %icmp_ln127, label %2, label %batching" [../src/espacc.cc:127]   --->   Operation 27 'br' <Predicate = true> <Delay = 0.00>
ST_2 : Operation 28 [2/2] (5.48ns)   --->   "call fastcc void @dataflow_in_loop_bat(i32* %in1_word_V, i32 %conf_info_mac_vec_re, i32 %conf_info_mac_len_re, i96* %load_ctrl, i32 %b_0, i32* %out_word_V, i32 %conf_info_mac_n_read, i96* %store_ctrl)" [../src/espacc.cc:112]   --->   Operation 28 'call' <Predicate = (!icmp_ln127)> <Delay = 5.48> <CoreType = "Generic">   --->   Core 0 '' <Latency = 0> <II = 1> <Delay = 1.00> <Generic> <Opcode : >
ST_2 : Operation 29 [1/1] (0.00ns)   --->   "ret void" [../src/espacc.cc:156]   --->   Operation 29 'ret' <Predicate = (icmp_ln127)> <Delay = 0.00>

State 3 <SV = 2> <Delay = 0.00>
ST_3 : Operation 30 [1/1] (0.00ns)   --->   "call void (...)* @_ssdm_op_SpecLoopName([9 x i8]* @p_str6) nounwind" [../src/espacc.cc:128]   --->   Operation 30 'specloopname' <Predicate = (!icmp_ln127)> <Delay = 0.00>
ST_3 : Operation 31 [1/1] (0.00ns)   --->   "%tmp = call i32 (...)* @_ssdm_op_SpecRegionBegin([9 x i8]* @p_str6)" [../src/espacc.cc:128]   --->   Operation 31 'specregionbegin' 'tmp' <Predicate = (!icmp_ln127)> <Delay = 0.00>
ST_3 : Operation 32 [1/1] (0.00ns)   --->   "call void (...)* @_ssdm_op_SpecLoopTripCount(i64 1, i64 1, i64 1)"   --->   Operation 32 'speclooptripcount' <Predicate = (!icmp_ln127)> <Delay = 0.00>
ST_3 : Operation 33 [1/1] (0.00ns)   --->   "call void (...)* @_ssdm_op_SpecLoopName([3 x i8]* @p_str7) nounwind" [../src/espacc.cc:132]   --->   Operation 33 'specloopname' <Predicate = (!icmp_ln127)> <Delay = 0.00>
ST_3 : Operation 34 [1/2] (0.00ns)   --->   "call fastcc void @dataflow_in_loop_bat(i32* %in1_word_V, i32 %conf_info_mac_vec_re, i32 %conf_info_mac_len_re, i96* %load_ctrl, i32 %b_0, i32* %out_word_V, i32 %conf_info_mac_n_read, i96* %store_ctrl)" [../src/espacc.cc:112]   --->   Operation 34 'call' <Predicate = (!icmp_ln127)> <Delay = 0.00> <CoreType = "Generic">   --->   Core 0 '' <Latency = 0> <II = 1> <Delay = 1.00> <Generic> <Opcode : >
ST_3 : Operation 35 [1/1] (0.00ns)   --->   "%empty = call i32 (...)* @_ssdm_op_SpecRegionEnd([9 x i8]* @p_str6, i32 %tmp)" [../src/espacc.cc:155]   --->   Operation 35 'specregionend' 'empty' <Predicate = (!icmp_ln127)> <Delay = 0.00>
ST_3 : Operation 36 [1/1] (0.00ns)   --->   "br label %1" [../src/espacc.cc:127]   --->   Operation 36 'br' <Predicate = (!icmp_ln127)> <Delay = 0.00>


============================================================
+ Verbose Summary: Timing violations
============================================================
Target clock period: 10ns, clock uncertainty: 1.25ns.

 <State 1>: 0.85ns
The critical path consists of the following:
	multiplexor before 'phi' operation ('b') with incoming values : ('b', ../src/espacc.cc:127) [28]  (0.85 ns)

 <State 2>: 5.48ns
The critical path consists of the following:
	'phi' operation ('b') with incoming values : ('b', ../src/espacc.cc:127) [28]  (0 ns)
	'call' operation ('call_ln112', ../src/espacc.cc:112) to 'dataflow_in_loop_bat' [38]  (5.48 ns)

 <State 3>: 0ns
The critical path consists of the following:


============================================================
+ Verbose Summary: Binding
============================================================
N/A
* FSMD analyzer results:
  - Output states:
 - Input state : 
  - Chain level:
	State 1
	State 2
	State 3


============================================================
+ Verbose Summary: Datapath Resource usage 
============================================================
N/A
