=========================================================
Scheduler report file
Generated by stratus_hls 19.22-s100  (92619.020518)
On:          Sun Mar 28 16:25:51 2021
Project Dir: /scratch/projects/yingj4/esp/accelerators/stratus_hls/mac_stratus/hw/hls-work-virtex7
Module:      mac
HLS Config:  BASIC_DMA64
=========================================================
Scheduler report for : config_accelerator                                                                         
-----------------------------------------                                                                                            
                                                                                                                  
Op                    SID(BB;Clocked)  Pipeline Stage  IS     SRCLOC                                              
--                    ---------------  --------------  --     ------                                              
                                                                                                                  
cfg.done.config_acce  7 (6:FALSE)      --              FALSE  @(f:../src/mac.hpp,l:54,c:21->f:/scratch/projects/  
                                                                                                                  
conf_done.config_acc  10 (9:TRUE)      --              FALSE  /scratch/projects/yingj4/esp/accelerators/stratus_  
                                                                                                                  
cfg.done.config_acce  12 (11:FALSE)    --              FALSE  @(f:../src/mac.hpp,l:54,c:21->f:/scratch/projects/  
                                                                                                                  
                                                                                                                  
Scheduler report for : ready_arb                                                                                  
--------------------------------                                                                                            
                                                                                                                  
Op                    SID(BB;Clocked)  Pipeline Stage  IS     SRCLOC                                              
--                    ---------------  --------------  --     ------                                              
                                                                                                                  
dma_read_chnl.sync_r  4 (3:FALSE)      --              FALSE  /scratch/projects/yingj4/esp/accelerators/stratus_  
                                                                                                                  
dma_read_chnl.sync_r  4 (3:FALSE)      --              FALSE  /scratch/projects/yingj4/esp/accelerators/stratus_  
                                                                                                                  
dma_read_chnl.sync_r  4 (3:FALSE)      --              FALSE  /scratch/projects/yingj4/esp/accelerators/stratus_  
                                                                                                                  
dma_read_chnl.sync_r  4 (3:FALSE)      --              FALSE  /scratch/projects/yingj4/esp/accelerators/stratus_  
                                                                                                                  
dma_read_chnl.sync_r  4 (3:FALSE)      --              FALSE  /scratch/projects/yingj4/esp/accelerators/stratus_  
                                                                                                                  
dma_read_chnl.sync_r  4 (3:FALSE)      --              FALSE  /scratch/projects/yingj4/esp/accelerators/stratus_  
                                                                                                                  
dma_read_chnl.sync_r  4 (3:FALSE)      --              FALSE  /scratch/projects/yingj4/esp/accelerators/stratus_  
                                                                                                                  
dma_read_chnl.sync_r  4 (3:FALSE)      --              FALSE  /scratch/projects/yingj4/esp/accelerators/stratus_  
                                                                                                                  
dma_read_chnl.sync_r  4 (3:FALSE)      --              FALSE  /scratch/projects/yingj4/esp/accelerators/stratus_  
                                                                                                                  
dma_read_chnl.sync_r  4 (3:FALSE)      --              FALSE  /scratch/projects/yingj4/esp/accelerators/stratus_  
                                                                                                                  
dma_read_chnl.sync_r  4 (3:FALSE)      --              FALSE  /scratch/projects/yingj4/esp/accelerators/stratus_  
                                                                                                                  
                                                                                                                  
Scheduler report for : back_method_0                                                                              
------------------------------------                                                                                            
                                                                                                                  
Op                    SID(BB;Clocked)  Pipeline Stage  IS     SRCLOC                                              
--                    ---------------  --------------  --     ------                                              
                                                                                                                  
dma_read_chnl.sync_r  3 (2:FALSE)      --              FALSE  /scratch/projects/yingj4/esp/accelerators/stratus_  
                                                                                                                  
dma_read_chnl.sync_r  3 (2:FALSE)      --              FALSE  /scratch/projects/yingj4/esp/accelerators/stratus_  
                                                                                                                  
dma_read_chnl.sync_r  3 (2:FALSE)      --              FALSE  /scratch/projects/yingj4/esp/accelerators/stratus_  
                                                                                                                  
dma_read_chnl.sync_r  3 (2:FALSE)      --              FALSE  /scratch/projects/yingj4/esp/accelerators/stratus_  
                                                                                                                  
dma_read_chnl.sync_r  3 (2:FALSE)      --              FALSE  /scratch/projects/yingj4/esp/accelerators/stratus_  
                                                                                                                  
dma_read_chnl.sync_r  4 (3:FALSE)      --              FALSE  @(f:/scratch/projects/yingj4/esp/accelerators/stra  
                                                                                                                  
dma_read_chnl.sync_r  4 (3:FALSE)      --              FALSE  @(f:/scratch/projects/yingj4/esp/accelerators/stra  
                                                                                                                  
dma_read_chnl.sync_r  4 (3:FALSE)      --              FALSE  @(f:/scratch/projects/yingj4/esp/accelerators/stra  
                                                                                                                  
dma_read_chnl.sync_r  5 (4:TRUE)       --              FALSE  /scratch/projects/yingj4/esp/accelerators/stratus_  
                                                                                                                  
dma_read_chnl.sync_r  5 (4:TRUE)       --              FALSE  /scratch/projects/yingj4/esp/accelerators/stratus_  
                                                                                                                  
dma_read_chnl.sync_r  5 (4:TRUE)       --              FALSE  /scratch/projects/yingj4/esp/accelerators/stratus_  
                                                                                                                  
dma_read_chnl.sync_r  5 (4:TRUE)       --              FALSE  /scratch/projects/yingj4/esp/accelerators/stratus_  
                                                                                                                  
dma_read_chnl.sync_r  5 (4:TRUE)       --              FALSE  /scratch/projects/yingj4/esp/accelerators/stratus_  
                                                                                                                  
dma_read_chnl.sync_r  5 (4:TRUE)       --              FALSE  /scratch/projects/yingj4/esp/accelerators/stratus_  
                                                                                                                  
dma_read_chnl.sync_r  5 (4:TRUE)       --              FALSE  /scratch/projects/yingj4/esp/accelerators/stratus_  
                                                                                                                  
dma_read_chnl.sync_r  5 (4:TRUE)       --              FALSE  /scratch/projects/yingj4/esp/accelerators/stratus_  
                                                                                                                  
dma_read_chnl.sync_r  6 (5:FALSE)      --              FALSE  /scratch/projects/yingj4/esp/accelerators/stratus_  
                                                                                                                  
dma_read_chnl.sync_r  6 (5:FALSE)      --              FALSE  /scratch/projects/yingj4/esp/accelerators/stratus_  
                                                                                                                  
dma_read_chnl.sync_r  6 (5:FALSE)      --              FALSE  /scratch/projects/yingj4/esp/accelerators/stratus_  
                                                                                                                  
dma_read_chnl.sync_r  6 (5:FALSE)      --              FALSE  /scratch/projects/yingj4/esp/accelerators/stratus_  
                                                                                                                  
dma_read_chnl.sync_r  6 (5:FALSE)      --              FALSE  /scratch/projects/yingj4/esp/accelerators/stratus_  
                                                                                                                  
dma_read_chnl.sync_r  6 (5:FALSE)      --              FALSE  /scratch/projects/yingj4/esp/accelerators/stratus_  
                                                                                                                  
dma_read_chnl.sync_r  6 (5:FALSE)      --              FALSE  /scratch/projects/yingj4/esp/accelerators/stratus_  
                                                                                                                  
dma_read_chnl.sync_r  6 (5:FALSE)      --              FALSE  /scratch/projects/yingj4/esp/accelerators/stratus_  
                                                                                                                  
dma_read_chnl.sync_r  6 (5:FALSE)      --              FALSE  /scratch/projects/yingj4/esp/accelerators/stratus_  
                                                                                                                  
dma_read_chnl.sync_r  6 (5:FALSE)      --              FALSE  /scratch/projects/yingj4/esp/accelerators/stratus_  
                                                                                                                  
dma_read_chnl.sync_r  6 (5:FALSE)      --              FALSE  /scratch/projects/yingj4/esp/accelerators/stratus_  
                                                                                                                  
dma_read_chnl.sync_r  6 (5:FALSE)      --              FALSE  /scratch/projects/yingj4/esp/accelerators/stratus_  
                                                                                                                  
dma_read_chnl.sync_r  6 (5:FALSE)      --              FALSE  /scratch/projects/yingj4/esp/accelerators/stratus_  
                                                                                                                  
                                                                                                                  
Scheduler report for : process_0                                                                                  
--------------------------------                                                                                            
                                                                                                                  
Op                    SID(BB;Clocked)  Pipeline Stage  IS     SRCLOC                                              
--                    ---------------  --------------  --     ------                                              
                                                                                                                  
dma_read_chnl.can_ge  3 (2:TRUE)       --              FALSE  /scratch/projects/yingj4/esp/accelerators/stratus_  
                                                                                                                  
dma_read_chnl.can_ge  3 (2:TRUE)       --              FALSE  /scratch/projects/yingj4/esp/accelerators/stratus_  
                                                                                                                  
dma_read_chnl.can_ge  3 (2:TRUE)       --              FALSE  /scratch/projects/yingj4/esp/accelerators/stratus_  
                                                                                                                  
dma_read_chnl.can_ge  3 (2:TRUE)       --              FALSE  /scratch/projects/yingj4/esp/accelerators/stratus_  
                                                                                                                  
dma_read_chnl.can_ge  3 (2:TRUE)       --              FALSE  /scratch/projects/yingj4/esp/accelerators/stratus_  
                                                                                                                  
dma_read_chnl.can_ge  3 (2:TRUE)       --              FALSE  /scratch/projects/yingj4/esp/accelerators/stratus_  
                                                                                                                  
dma_read_chnl.can_ge  3 (2:TRUE)       --              FALSE  /scratch/projects/yingj4/esp/accelerators/stratus_  
                                                                                                                  
dma_read_chnl.can_ge  3 (2:TRUE)       --              FALSE  /scratch/projects/yingj4/esp/accelerators/stratus_  
                                                                                                                  
                                                                                                                  
Scheduler report for : load_input                                                                                 
---------------------------------                                                                                            
                                                                                                                  
Op                    SID(BB;Clocked)  Pipeline Stage  IS     SRCLOC                                              
--                    ---------------  --------------  --     ------                                              
                                                                                                                  
load_input::ping.loa  1 (0:FALSE)      --              FALSE  @(f:../src/mac.cpp,l:13,c:11->l:52,c:14)            
                                                                                                                  
load_input::b.load_i  1 (0:FALSE)      --              FALSE  @(f:../src/mac.cpp,l:13,c:11->l:56,c:23)            
                                                                                                                  
load_input::offset.l  1 (0:FALSE)      --              FALSE  @(f:../src/mac.cpp,l:13,c:11->l:53,c:18)            
                                                                                                                  
dma_read_chnl.set_re  7 (6:FALSE)      --              FALSE  @(f:/scratch/projects/yingj4/esp/accelerators/stra  
                                                                                                                  
input_ready.__channe  7 (6:FALSE)      --              FALSE  @(f:/scratch/projects/yingj4/esp/accelerators/stra  
                                                                                                                  
dma_read_ctrl.valid.  7 (6:FALSE)      --              FALSE  @(f:/scratch/projects/yingj4/esp/accelerators/stra  
                                                                                                                  
cfg.done.load_input:  9 (8:FALSE)      --              FALSE  @(f:../src/mac.hpp,l:54,c:21->f:/scratch/projects/  
                                                                                                                  
cfg                   15 (12:TRUE)     --              FALSE  ../src/mac.hpp,l:54,c:21                            
                                                                                                                  
load_input::mac_n     19 (15:FALSE)    --              FALSE  ../src/mac.cpp,l:13,c:11                            
                                                                                                                  
load_input::mac_len   19 (15:FALSE)    --              FALSE  ../src/mac.cpp,l:13,c:11                            
                                                                                                                  
load_input::mac_vec   19 (15:FALSE)    --              FALSE  ../src/mac.cpp,l:13,c:11                            
                                                                                                                  
load_input            19 (15:FALSE)    --              FALSE  ../src/mac.cpp,l:13,c:11 -> l:62,c:31               
                                                                                                                  
load_input            19 (15:FALSE)    --              FALSE  ../src/mac.cpp,l:13,c:11 -> l:62,c:31               
                                                                                                                  
load_input            21 (17:TRUE)     --              FALSE  ../src/mac.cpp,l:13,c:11 -> l:56,c:32               
                                                                                                                  
load_input            25 (20:FALSE)    --              FALSE  ../src/mac.cpp,l:13,c:11 -> l:62,c:31               
                                                                                                                  
set_ready_curr.load_  25 (20:FALSE)    --              FALSE  @[(f:/scratch/projects/yingj4/esp/accelerators/str  
                                                                                                                  
load_input::ping.loa  25 (20:FALSE)    --              FALSE  @(f:../src/mac.cpp,l:13,c:11->l:52,c:14)            
                                                                                                                  
load_input::offset.l  25 (20:FALSE)    --              FALSE  @(f:../src/mac.cpp,l:13,c:11->l:53,c:18)            
                                                                                                                  
load_input::b.load_i  25 (20:FALSE)    --              FALSE  @(f:../src/mac.cpp,l:13,c:11->l:56,c:23)            
                                                                                                                  
plm_in_pong.load_inp  25 (20:FALSE)    --              FALSE  ../src/mac.hpp,l:60,c:31                            
                                                                                                                  
plm_in_ping.load_inp  25 (20:FALSE)    --              FALSE  ../src/mac.hpp,l:59,c:31                            
                                                                                                                  
load_input            25 (20:FALSE)    --              FALSE  ../src/mac.cpp,l:13,c:11 -> l:62,c:31               
                                                                                                                  
load_input            25 (20:FALSE)    --              FALSE  ../src/mac.cpp,l:13,c:11 -> l:56,c:42               
                                                                                                                  
load_input            27 (21:TRUE)     --              FALSE  ../src/mac.cpp,l:13,c:11 -> l:65,c:40               
                                                                                                                  
set_ready_curr.load_  33 (24:FALSE)    --              FALSE  @[(f:/scratch/projects/yingj4/esp/accelerators/str  
                                                                                                                  
load_input::ping.loa  33 (24:FALSE)    --              FALSE  @(f:../src/mac.cpp,l:13,c:11->l:52,c:14)            
                                                                                                                  
load_input::offset.l  33 (24:FALSE)    --              FALSE  @(f:../src/mac.cpp,l:13,c:11->l:53,c:18)            
                                                                                                                  
load_input::rem.load  33 (24:FALSE)    --              FALSE  @(f:../src/mac.cpp,l:13,c:11->l:65,c:22)            
                                                                                                                  
plm_in_pong.load_inp  33 (24:FALSE)    --              FALSE  ../src/mac.hpp,l:60,c:31                            
                                                                                                                  
plm_in_ping.load_inp  33 (24:FALSE)    --              FALSE  ../src/mac.hpp,l:59,c:31                            
                                                                                                                  
load_input            33 (24:FALSE)    --              FALSE  ../src/mac.cpp,l:13,c:11 -> l:69,c:36               
                                                                                                                  
load_input            33 (24:FALSE)    --              FALSE  ../src/mac.cpp,l:13,c:11 -> l:69,c:50               
                                                                                                                  
load_input            33 (24:FALSE)    --              FALSE  ../src/mac.cpp,l:13,c:11 -> l:65,c:49               
                                                                                                                  
load_input::dma_info  33 (24:FALSE)    --              FALSE  @(f:../src/mac.cpp,l:13,c:11->l:74,c:28->f:/scratc  
                                                                                                                  
load_input            36 (25:TRUE)     --              FALSE  ../src/mac.cpp,l:13,c:11 -> l:76,c:24               
                                                                                                                  
load_input::put::ope  36 (25:TRUE)     --              FALSE  ../src/mac.cpp,l:13,c:11                            
                                                                                                                  
load_input::put::ope  36 (25:TRUE)     --              FALSE  ../src/mac.cpp,l:13,c:11                            
                                                                                                                  
load_input::put::ope  36 (25:TRUE)     --              FALSE  ../src/mac.cpp,l:13,c:11                            
                                                                                                                  
dma_read_ctrl.valid.  36 (25:TRUE)     --              FALSE  @(f:/scratch/projects/yingj4/esp/accelerators/stra  
                                                                                                                  
dma_read_ctrl.ready.  42 (27:TRUE)     --              FALSE  @(f:/scratch/projects/yingj4/esp/accelerators/stra  
                                                                                                                  
load_input::i.load_i  42 (27:TRUE)     --              FALSE  @(f:../src/mac.cpp,l:13,c:11->l:99,c:31)            
                                                                                                                  
dma_read_ctrl.valid.  46 (29:FALSE)    --              FALSE  @(f:/scratch/projects/yingj4/esp/accelerators/stra  
                                                                                                                  
[0].load_input        50 (31:FALSE)    --              FALSE  ../src/mac.cpp,l:110,c:21                           
                                                                                                                  
set_ready_curr.load_  54 (32:FALSE)    --              FALSE  @[(f:/scratch/projects/yingj4/esp/accelerators/str  
                                                                                                                  
dma_read_chnl.can_ge  54 (32:FALSE)    --              FALSE  @(f:/scratch/projects/yingj4/esp/accelerators/stra  
                                                                                                                  
load_input::i.load_i  54 (32:FALSE)    --              FALSE  @(f:../src/mac.cpp,l:13,c:11->l:99,c:31)            
                                                                                                                  
plm_in_pong.load_inp  54 (32:FALSE)    --              FALSE  ../src/mac.hpp,l:60,c:31                            
                                                                                                                  
plm_in_ping.load_inp  54 (32:FALSE)    --              FALSE  ../src/mac.hpp,l:59,c:31                            
                                                                                                                  
load_input            54 (32:FALSE)    --              FALSE  ../src/mac.cpp,l:13,c:11 -> l:99,c:49               
                                                                                                                  
dma_read_chnl         69 (36:TRUE)     --              FALSE  /scratch/projects/yingj4/esp/accelerators/stratus_  
                                                                                                                  
load_input::get       79 (39:FALSE)    --              FALSE  ../src/mac.cpp,l:13,c:11                            
                                                                                                                  
dma_read_chnl.data.l  79 (39:FALSE)    --              FALSE  @(f:/scratch/projects/yingj4/esp/accelerators/stra  
                                                                                                                  
dma_read_chnl.data_b  79 (39:FALSE)    --              FALSE  @(f:/scratch/projects/yingj4/esp/accelerators/stra  
                                                                                                                  
dma_read_chnl         79 (39:FALSE)    --              FALSE  /scratch/projects/yingj4/esp/accelerators/stratus_  
                                                                                                                  
load_input::get::ope  79 (39:FALSE)    --              FALSE  ../src/mac.cpp,l:13,c:11                            
                                                                                                                  
load_input::get::set  79 (39:FALSE)    --              FALSE  ../src/mac.cpp,l:13,c:11                            
                                                                                                                  
dma_read_chnl.set_re  79 (39:FALSE)    --              FALSE  @(f:/scratch/projects/yingj4/esp/accelerators/stra  
                                                                                                                  
[1].load_input        83 (40:TRUE)     --              FALSE  ../src/mac.cpp,l:110,c:21                           
                                                                                                                  
load_input            83 (40:TRUE)     --              FALSE  ../src/mac.cpp,l:13,c:11 -> l:99,c:40               
                                                                                                                  
[1].load_input        83 (40:TRUE)     --              FALSE  ../src/mac.cpp,l:110,c:21                           
                                                                                                                  
[1].load_input        83 (40:TRUE)     --              FALSE  ../src/mac.cpp,l:110,c:21                           
                                                                                                                  
plm_in_pong.[0].load  83 (40:TRUE)     --              TRUE   ../src/mac.hpp,l:60,c:31                            
                                                                                                                  
plm_in_ping.[0].load  83 (40:TRUE)     --              TRUE   ../src/mac.hpp,l:59,c:31                            
                                                                                                                  
plm_in_pong.[1].load  83 (40:TRUE)     --              TRUE   ../src/mac.hpp,l:60,c:31                            
                                                                                                                  
plm_in_ping.[1].load  83 (40:TRUE)     --              TRUE   ../src/mac.hpp,l:59,c:31                            
                                                                                                                  
input_ready.__channe  91 (43:FALSE)    --              FALSE  @(f:/scratch/projects/yingj4/esp/accelerators/stra  
                                                                                                                  
input_ready.__channe  97 (45:TRUE)     --              FALSE  @(f:/scratch/projects/yingj4/esp/accelerators/stra  
                                                                                                                  
load_input            101 (47:FALSE)   --              FALSE  ../src/mac.cpp,l:13,c:11 -> l:65,c:40               
                                                                                                                  
load_input            101 (47:FALSE)   --              FALSE  ../src/mac.cpp,l:13,c:11 -> l:121,c:24              
                                                                                                                  
input_ready.__channe  101 (47:FALSE)   --              FALSE  @(f:/scratch/projects/yingj4/esp/accelerators/stra  
                                                                                                                  
load_input            103 (22:FALSE)   --              FALSE  ../src/mac.cpp,l:13,c:11                            
                                                                                                                  
load_input            103 (22:FALSE)   --              FALSE  ../src/mac.cpp,l:13,c:11                            
                                                                                                                  
load_input            107 (50:FALSE)   --              FALSE  ../src/mac.cpp,l:13,c:11 -> l:56,c:32               
                                                                                                                  
                                                                                                                  
Scheduler report for : valid_arb                                                                                  
--------------------------------                                                                                            
                                                                                                                  
Op                    SID(BB;Clocked)  Pipeline Stage  IS     SRCLOC                                              
--                    ---------------  --------------  --     ------                                              
                                                                                                                  
dma_write_chnl.sync_  4 (3:FALSE)      --              FALSE  /scratch/projects/yingj4/esp/accelerators/stratus_  
                                                                                                                  
dma_write_chnl.sync_  4 (3:FALSE)      --              FALSE  /scratch/projects/yingj4/esp/accelerators/stratus_  
                                                                                                                  
dma_write_chnl.sync_  4 (3:FALSE)      --              FALSE  /scratch/projects/yingj4/esp/accelerators/stratus_  
                                                                                                                  
dma_write_chnl.sync_  4 (3:FALSE)      --              FALSE  /scratch/projects/yingj4/esp/accelerators/stratus_  
                                                                                                                  
dma_write_chnl.sync_  4 (3:FALSE)      --              FALSE  /scratch/projects/yingj4/esp/accelerators/stratus_  
                                                                                                                  
dma_write_chnl.sync_  4 (3:FALSE)      --              FALSE  /scratch/projects/yingj4/esp/accelerators/stratus_  
                                                                                                                  
dma_write_chnl.sync_  4 (3:FALSE)      --              FALSE  /scratch/projects/yingj4/esp/accelerators/stratus_  
                                                                                                                  
dma_write_chnl.sync_  4 (3:FALSE)      --              FALSE  /scratch/projects/yingj4/esp/accelerators/stratus_  
                                                                                                                  
dma_write_chnl.sync_  4 (3:FALSE)      --              FALSE  /scratch/projects/yingj4/esp/accelerators/stratus_  
                                                                                                                  
dma_write_chnl.sync_  4 (3:FALSE)      --              FALSE  /scratch/projects/yingj4/esp/accelerators/stratus_  
                                                                                                                  
dma_write_chnl.sync_  4 (3:FALSE)      --              FALSE  /scratch/projects/yingj4/esp/accelerators/stratus_  
                                                                                                                  
                                                                                                                  
Scheduler report for : back_method_1                                                                              
------------------------------------                                                                                            
                                                                                                                  
Op                    SID(BB;Clocked)  Pipeline Stage  IS     SRCLOC                                              
--                    ---------------  --------------  --     ------                                              
                                                                                                                  
dma_write_chnl.sync_  3 (2:FALSE)      --              FALSE  /scratch/projects/yingj4/esp/accelerators/stratus_  
                                                                                                                  
dma_write_chnl.sync_  3 (2:FALSE)      --              FALSE  /scratch/projects/yingj4/esp/accelerators/stratus_  
                                                                                                                  
dma_write_chnl.sync_  3 (2:FALSE)      --              FALSE  /scratch/projects/yingj4/esp/accelerators/stratus_  
                                                                                                                  
dma_write_chnl.sync_  3 (2:FALSE)      --              FALSE  /scratch/projects/yingj4/esp/accelerators/stratus_  
                                                                                                                  
dma_write_chnl.sync_  4 (3:FALSE)      --              FALSE  @(f:/scratch/projects/yingj4/esp/accelerators/stra  
                                                                                                                  
dma_write_chnl.sync_  5 (4:TRUE)       --              FALSE  /scratch/projects/yingj4/esp/accelerators/stratus_  
                                                                                                                  
dma_write_chnl.sync_  5 (4:TRUE)       --              FALSE  /scratch/projects/yingj4/esp/accelerators/stratus_  
                                                                                                                  
dma_write_chnl.sync_  5 (4:TRUE)       --              FALSE  /scratch/projects/yingj4/esp/accelerators/stratus_  
                                                                                                                  
dma_write_chnl.sync_  5 (4:TRUE)       --              FALSE  /scratch/projects/yingj4/esp/accelerators/stratus_  
                                                                                                                  
dma_write_chnl.sync_  6 (5:FALSE)      --              FALSE  /scratch/projects/yingj4/esp/accelerators/stratus_  
                                                                                                                  
dma_write_chnl.sync_  6 (5:FALSE)      --              FALSE  /scratch/projects/yingj4/esp/accelerators/stratus_  
                                                                                                                  
dma_write_chnl.sync_  6 (5:FALSE)      --              FALSE  /scratch/projects/yingj4/esp/accelerators/stratus_  
                                                                                                                  
dma_write_chnl.sync_  6 (5:FALSE)      --              FALSE  /scratch/projects/yingj4/esp/accelerators/stratus_  
                                                                                                                  
dma_write_chnl.sync_  6 (5:FALSE)      --              FALSE  /scratch/projects/yingj4/esp/accelerators/stratus_  
                                                                                                                  
dma_write_chnl.sync_  6 (5:FALSE)      --              FALSE  /scratch/projects/yingj4/esp/accelerators/stratus_  
                                                                                                                  
dma_write_chnl.sync_  6 (5:FALSE)      --              FALSE  /scratch/projects/yingj4/esp/accelerators/stratus_  
                                                                                                                  
                                                                                                                  
Scheduler report for : process_1                                                                                  
--------------------------------                                                                                            
                                                                                                                  
Op                    SID(BB;Clocked)  Pipeline Stage  IS     SRCLOC                                              
--                    ---------------  --------------  --     ------                                              
                                                                                                                  
dma_write_chnl.can_p  3 (2:TRUE)       --              FALSE  /scratch/projects/yingj4/esp/accelerators/stratus_  
                                                                                                                  
dma_write_chnl.can_p  3 (2:TRUE)       --              FALSE  /scratch/projects/yingj4/esp/accelerators/stratus_  
                                                                                                                  
dma_write_chnl.can_p  3 (2:TRUE)       --              FALSE  /scratch/projects/yingj4/esp/accelerators/stratus_  
                                                                                                                  
dma_write_chnl.can_p  3 (2:TRUE)       --              FALSE  /scratch/projects/yingj4/esp/accelerators/stratus_  
                                                                                                                  
dma_write_chnl.can_p  3 (2:TRUE)       --              FALSE  /scratch/projects/yingj4/esp/accelerators/stratus_  
                                                                                                                  
                                                                                                                  
Scheduler report for : store_output                                                                               
-----------------------------------                                                                                            
                                                                                                                  
Op                    SID(BB;Clocked)  Pipeline Stage  IS     SRCLOC                                              
--                    ---------------  --------------  --     ------                                              
                                                                                                                  
store_output::b.stor  1 (0:FALSE)      --              FALSE  @(f:../src/mac.cpp,l:134,c:11->l:182,c:23)          
                                                                                                                  
store_output::ping.s  1 (0:FALSE)      --              FALSE  @(f:../src/mac.cpp,l:134,c:11->l:172,c:14)          
                                                                                                                  
dma_write_chnl.set_v  5 (4:FALSE)      --              FALSE  @(f:/scratch/projects/yingj4/esp/accelerators/stra  
                                                                                                                  
output_ready.__chann  5 (4:FALSE)      --              FALSE  @(f:/scratch/projects/yingj4/esp/accelerators/stra  
                                                                                                                  
acc_done.store_outpu  5 (4:FALSE)      --              FALSE  /scratch/projects/yingj4/esp/accelerators/stratus_  
                                                                                                                  
dma_write_ctrl.valid  5 (4:FALSE)      --              FALSE  @(f:/scratch/projects/yingj4/esp/accelerators/stra  
                                                                                                                  
cfg.done.store_outpu  7 (6:FALSE)      --              FALSE  @(f:../src/mac.hpp,l:54,c:21->f:/scratch/projects/  
                                                                                                                  
cfg                   13 (10:TRUE)     --              FALSE  ../src/mac.hpp,l:54,c:21                            
                                                                                                                  
store_output::mac_n   17 (13:FALSE)    --              FALSE  ../src/mac.cpp,l:134,c:11                           
                                                                                                                  
store_output::mac_ve  17 (13:FALSE)    --              FALSE  ../src/mac.cpp,l:134,c:11                           
                                                                                                                  
store_output::mac_le  17 (13:FALSE)    --              FALSE  ../src/mac.cpp,l:134,c:11                           
                                                                                                                  
store_output          17 (13:FALSE)    --              FALSE  ../src/mac.cpp,l:134,c:11 -> l:176,c:33             
                                                                                                                  
store_output          17 (13:FALSE)    --              FALSE  ../src/mac.cpp,l:134,c:11 -> l:176,c:33             
                                                                                                                  
store_output          17 (13:FALSE)    --              FALSE  ../src/mac.cpp,l:134,c:11 -> l:176,c:33             
                                                                                                                  
store_output          17 (13:FALSE)    --              FALSE  ../src/mac.cpp,l:134,c:11 -> l:176,c:33             
                                                                                                                  
store_output          19 (15:TRUE)     --              FALSE  ../src/mac.cpp,l:134,c:11 -> l:188,c:31             
                                                                                                                  
store_output          20 (16:TRUE)     --              FALSE  ../src/mac.cpp,l:134,c:11 -> l:182,c:32             
                                                                                                                  
store_output          21 (17:FALSE)    --              FALSE  ../src/mac.cpp,l:134,c:11 -> l:176,c:80             
                                                                                                                  
store_output          24 (19:FALSE)    --              FALSE  ../src/mac.cpp,l:134,c:11 -> l:188,c:31             
                                                                                                                  
set_valid_curr.store  24 (19:FALSE)    --              FALSE  @[(f:/scratch/projects/yingj4/esp/accelerators/str  
                                                                                                                  
store_output::ping.s  24 (19:FALSE)    --              FALSE  @(f:../src/mac.cpp,l:134,c:11->l:172,c:14)          
                                                                                                                  
store_output::offset  24 (19:FALSE)    --              FALSE  @(f:../src/mac.cpp,l:134,c:11->l:178,c:18)          
                                                                                                                  
store_output::b.stor  24 (19:FALSE)    --              FALSE  @(f:../src/mac.cpp,l:134,c:11->l:182,c:23)          
                                                                                                                  
plm_out_ping.store_o  24 (19:FALSE)    --              FALSE  ../src/mac.hpp,l:61,c:31                            
                                                                                                                  
plm_out_pong.store_o  24 (19:FALSE)    --              FALSE  ../src/mac.hpp,l:62,c:31                            
                                                                                                                  
store_output          24 (19:FALSE)    --              FALSE  ../src/mac.cpp,l:134,c:11 -> l:188,c:31             
                                                                                                                  
store_output          24 (19:FALSE)    --              FALSE  ../src/mac.cpp,l:134,c:11 -> l:182,c:42             
                                                                                                                  
store_output          26 (20:TRUE)     --              FALSE  ../src/mac.cpp,l:134,c:11 -> l:191,c:40             
                                                                                                                  
set_valid_curr.store  32 (23:FALSE)    --              FALSE  @[(f:/scratch/projects/yingj4/esp/accelerators/str  
                                                                                                                  
output_ready.__chann  32 (23:FALSE)    --              FALSE  @(f:/scratch/projects/yingj4/esp/accelerators/stra  
                                                                                                                  
output_ready.__chann  32 (23:FALSE)    --              FALSE  @(f:/scratch/projects/yingj4/esp/accelerators/stra  
                                                                                                                  
store_output::ping.s  32 (23:FALSE)    --              FALSE  @(f:../src/mac.cpp,l:134,c:11->l:172,c:14)          
                                                                                                                  
store_output::offset  32 (23:FALSE)    --              FALSE  @(f:../src/mac.cpp,l:134,c:11->l:178,c:18)          
                                                                                                                  
store_output::rem.st  32 (23:FALSE)    --              FALSE  @(f:../src/mac.cpp,l:134,c:11->l:191,c:22)          
                                                                                                                  
plm_out_ping.store_o  32 (23:FALSE)    --              FALSE  ../src/mac.hpp,l:61,c:31                            
                                                                                                                  
plm_out_pong.store_o  32 (23:FALSE)    --              FALSE  ../src/mac.hpp,l:62,c:31                            
                                                                                                                  
store_output          32 (23:FALSE)    --              FALSE  ../src/mac.cpp,l:134,c:11 -> l:197,c:36             
                                                                                                                  
store_output          32 (23:FALSE)    --              FALSE  ../src/mac.cpp,l:134,c:11                           
                                                                                                                  
store_output          32 (23:FALSE)    --              FALSE  ../src/mac.cpp,l:134,c:11 -> l:191,c:49             
                                                                                                                  
store_output::dma_in  32 (23:FALSE)    --              FALSE  @(f:../src/mac.cpp,l:134,c:11->l:202,c:28->f:/scra  
                                                                                                                  
output_ready.__chann  38 (25:TRUE)     --              FALSE  @(f:/scratch/projects/yingj4/esp/accelerators/stra  
                                                                                                                  
store_output          38 (25:TRUE)     --              FALSE  ../src/mac.cpp,l:134,c:11 -> l:249,c:24             
                                                                                                                  
store_output          42 (27:FALSE)    --              FALSE  ../src/mac.cpp,l:134,c:11 -> l:204,c:24             
                                                                                                                  
output_ready.__chann  42 (27:FALSE)    --              FALSE  @(f:/scratch/projects/yingj4/esp/accelerators/stra  
                                                                                                                  
store_output::put::o  42 (27:FALSE)    --              FALSE  ../src/mac.cpp,l:134,c:11                           
                                                                                                                  
store_output::put::o  42 (27:FALSE)    --              FALSE  ../src/mac.cpp,l:134,c:11                           
                                                                                                                  
store_output::put::o  42 (27:FALSE)    --              FALSE  ../src/mac.cpp,l:134,c:11                           
                                                                                                                  
dma_write_ctrl.valid  42 (27:FALSE)    --              FALSE  @(f:/scratch/projects/yingj4/esp/accelerators/stra  
                                                                                                                  
dma_write_ctrl.ready  48 (29:TRUE)     --              FALSE  @(f:/scratch/projects/yingj4/esp/accelerators/stra  
                                                                                                                  
store_output::i.stor  48 (29:TRUE)     --              FALSE  @(f:../src/mac.cpp,l:134,c:11->l:232,c:31)          
                                                                                                                  
dma_write_ctrl.valid  52 (31:FALSE)    --              FALSE  @(f:/scratch/projects/yingj4/esp/accelerators/stra  
                                                                                                                  
[0].store_output      60 (34:FALSE)    --              FALSE  ../src/mac.cpp,l:238,c:21                           
                                                                                                                  
set_valid_curr.store  60 (34:FALSE)    --              FALSE  @[(f:/scratch/projects/yingj4/esp/accelerators/str  
                                                                                                                  
store_output::i.stor  60 (34:FALSE)    --              FALSE  @(f:../src/mac.cpp,l:134,c:11->l:232,c:31)          
                                                                                                                  
plm_out_ping.store_o  60 (34:FALSE)    --              FALSE  ../src/mac.hpp,l:61,c:31                            
                                                                                                                  
plm_out_pong.store_o  60 (34:FALSE)    --              FALSE  ../src/mac.hpp,l:62,c:31                            
                                                                                                                  
store_output          60 (34:FALSE)    --              FALSE  ../src/mac.cpp,l:134,c:11 -> l:232,c:49             
                                                                                                                  
[1].store_output      60 (34:FALSE)    --              FALSE  ../src/mac.cpp,l:238,c:21                           
                                                                                                                  
[1].store_output      60 (34:FALSE)    --              FALSE  ../src/mac.cpp,l:238,c:21                           
                                                                                                                  
dma_write_chnl.can_p  64 (35:TRUE)     --              FALSE  @(f:/scratch/projects/yingj4/esp/accelerators/stra  
                                                                                                                  
plm_out_ping.[0].sto  64 (35:TRUE)     --              FALSE  ../src/mac.hpp,l:61,c:31                            
                                                                                                                  
plm_out_ping.[1].sto  64 (35:TRUE)     --              FALSE  ../src/mac.hpp,l:61,c:31                            
                                                                                                                  
plm_out_pong.[0].sto  64 (35:TRUE)     --              FALSE  ../src/mac.hpp,l:62,c:31                            
                                                                                                                  
plm_out_pong.[1].sto  64 (35:TRUE)     --              FALSE  ../src/mac.hpp,l:62,c:31                            
                                                                                                                  
[1].store_output::op  64 (35:TRUE)     --              FALSE  ../src/mac.cpp,l:238,c:21                           
                                                                                                                  
dma_write_chnl        79 (39:TRUE)     --              FALSE  /scratch/projects/yingj4/esp/accelerators/stratus_  
                                                                                                                  
store_output          89 (42:FALSE)    --              FALSE  ../src/mac.cpp,l:134,c:11 -> l:232,c:40             
                                                                                                                  
dma_write_chnl        89 (42:FALSE)    --              FALSE  /scratch/projects/yingj4/esp/accelerators/stratus_  
                                                                                                                  
dma_write_chnl.data.  89 (42:FALSE)    --              FALSE  @(f:/scratch/projects/yingj4/esp/accelerators/stra  
                                                                                                                  
store_output::put::s  89 (42:FALSE)    --              FALSE  ../src/mac.cpp,l:134,c:11                           
                                                                                                                  
dma_write_chnl.set_v  89 (42:FALSE)    --              FALSE  @(f:/scratch/projects/yingj4/esp/accelerators/stra  
                                                                                                                  
store_output          97 (45:FALSE)    --              FALSE  ../src/mac.cpp,l:134,c:11 -> l:191,c:40             
                                                                                                                  
store_output          99 (21:FALSE)    --              FALSE  ../src/mac.cpp,l:134,c:11                           
                                                                                                                  
store_output          99 (21:FALSE)    --              FALSE  ../src/mac.cpp,l:134,c:11                           
                                                                                                                  
store_output          103 (48:FALSE)   --              FALSE  ../src/mac.cpp,l:134,c:11 -> l:182,c:32             
                                                                                                                  
acc_done.store_outpu  107 (51:FALSE)   --              FALSE  /scratch/projects/yingj4/esp/accelerators/stratus_  
                                                                                                                  
acc_done.store_outpu  108 (52:TRUE)    --              FALSE  /scratch/projects/yingj4/esp/accelerators/stratus_  
                                                                                                                  
                                                                                                                  
Scheduler report for : compute_kernel                                                                             
-------------------------------------                                                                                            
                                                                                                                  
Op                    SID(BB;Clocked)  Pipeline Stage  IS     SRCLOC                                              
--                    ---------------  --------------  --     ------                                              
                                                                                                                  
compute_kernel::out_  1 (0:FALSE)      --              FALSE  @(f:../src/mac.cpp,l:262,c:11->l:298,c:10)          
                                                                                                                  
compute_kernel::ping  1 (0:FALSE)      --              FALSE  @(f:../src/mac.cpp,l:262,c:11->l:297,c:10)          
                                                                                                                  
compute_kernel::b.co  1 (0:FALSE)      --              FALSE  @(f:../src/mac.cpp,l:262,c:11->l:300,c:23)          
                                                                                                                  
input_ready.__channe  5 (4:FALSE)      --              FALSE  @(f:/scratch/projects/yingj4/esp/accelerators/stra  
                                                                                                                  
output_ready.__chann  5 (4:FALSE)      --              FALSE  @(f:/scratch/projects/yingj4/esp/accelerators/stra  
                                                                                                                  
cfg.done.compute_ker  7 (6:FALSE)      --              FALSE  @(f:../src/mac.hpp,l:54,c:21->f:/scratch/projects/  
                                                                                                                  
cfg                   13 (10:TRUE)     --              FALSE  ../src/mac.hpp,l:54,c:21                            
                                                                                                                  
compute_kernel::mac_  17 (13:FALSE)    --              FALSE  ../src/mac.cpp,l:262,c:11                           
                                                                                                                  
compute_kernel::mac_  17 (13:FALSE)    --              FALSE  ../src/mac.cpp,l:262,c:11                           
                                                                                                                  
compute_kernel::mac_  17 (13:FALSE)    --              FALSE  ../src/mac.cpp,l:262,c:11                           
                                                                                                                  
compute_kernel        17 (13:FALSE)    --              FALSE  ../src/mac.cpp,l:262,c:11 -> l:300,c:32             
                                                                                                                  
compute_kernel::ping  22 (17:FALSE)    --              FALSE  @(f:../src/mac.cpp,l:262,c:11->l:297,c:10)          
                                                                                                                  
compute_kernel::out_  22 (17:FALSE)    --              FALSE  @(f:../src/mac.cpp,l:262,c:11->l:298,c:10)          
                                                                                                                  
compute_kernel::b.co  22 (17:FALSE)    --              FALSE  @(f:../src/mac.cpp,l:262,c:11->l:300,c:23)          
                                                                                                                  
plm_in_ping.compute_  22 (17:FALSE)    --              FALSE  ../src/mac.hpp,l:59,c:31                            
                                                                                                                  
plm_in_pong.compute_  22 (17:FALSE)    --              FALSE  ../src/mac.hpp,l:60,c:31                            
                                                                                                                  
plm_out_pong.compute  22 (17:FALSE)    --              FALSE  ../src/mac.hpp,l:62,c:31                            
                                                                                                                  
plm_out_ping.compute  22 (17:FALSE)    --              FALSE  ../src/mac.hpp,l:61,c:31                            
                                                                                                                  
compute_kernel        22 (17:FALSE)    --              FALSE  ../src/mac.cpp,l:262,c:11 -> l:302,c:42             
                                                                                                                  
compute_kernel        22 (17:FALSE)    --              FALSE  ../src/mac.cpp,l:262,c:11 -> l:309,c:49             
                                                                                                                  
compute_kernel        22 (17:FALSE)    --              FALSE  ../src/mac.cpp,l:262,c:11 -> l:300,c:42             
                                                                                                                  
compute_kernel::vect  22 (17:FALSE)    --              FALSE  @(f:../src/mac.cpp,l:262,c:11->l:305,c:22)          
                                                                                                                  
compute_kernel::vect  22 (17:FALSE)    --              FALSE  @(f:../src/mac.cpp,l:262,c:11->l:306,c:22)          
                                                                                                                  
compute_kernel::acc.  22 (17:FALSE)    --              FALSE  @(f:../src/mac.cpp,l:262,c:11->l:307,c:21)          
                                                                                                                  
compute_kernel::ping  28 (20:FALSE)    --              FALSE  @(f:../src/mac.cpp,l:262,c:11->l:297,c:10)          
                                                                                                                  
compute_kernel::vect  28 (20:FALSE)    --              FALSE  @(f:../src/mac.cpp,l:262,c:11->l:305,c:22)          
                                                                                                                  
compute_kernel::vect  28 (20:FALSE)    --              FALSE  @(f:../src/mac.cpp,l:262,c:11->l:306,c:22)          
                                                                                                                  
compute_kernel::acc.  28 (20:FALSE)    --              FALSE  @(f:../src/mac.cpp,l:262,c:11->l:307,c:21)          
                                                                                                                  
compute_kernel::in_r  28 (20:FALSE)    --              FALSE  @(f:../src/mac.cpp,l:262,c:11->l:309,c:22)          
                                                                                                                  
plm_in_ping.compute_  28 (20:FALSE)    --              FALSE  ../src/mac.hpp,l:59,c:31                            
                                                                                                                  
plm_in_pong.compute_  28 (20:FALSE)    --              FALSE  ../src/mac.hpp,l:60,c:31                            
                                                                                                                  
plm_out_pong.compute  28 (20:FALSE)    --              FALSE  ../src/mac.hpp,l:62,c:31                            
                                                                                                                  
plm_out_ping.compute  28 (20:FALSE)    --              FALSE  ../src/mac.hpp,l:61,c:31                            
                                                                                                                  
compute_kernel        28 (20:FALSE)    --              FALSE  ../src/mac.cpp,l:262,c:11 -> l:312,c:44             
                                                                                                                  
compute_kernel        28 (20:FALSE)    --              FALSE  ../src/mac.cpp,l:262,c:11 -> l:312,c:59             
                                                                                                                  
compute_kernel        28 (20:FALSE)    --              FALSE  ../src/mac.cpp,l:262,c:11 -> l:309,c:61             
                                                                                                                  
input_ready.__channe  31 (21:FALSE)    --              FALSE  @(f:/scratch/projects/yingj4/esp/accelerators/stra  
                                                                                                                  
input_ready.__channe  31 (21:FALSE)    --              FALSE  @(f:/scratch/projects/yingj4/esp/accelerators/stra  
                                                                                                                  
input_ready.__channe  37 (23:TRUE)     --              FALSE  @(f:/scratch/projects/yingj4/esp/accelerators/stra  
                                                                                                                  
compute_kernel::i.co  37 (23:TRUE)     --              FALSE  @(f:../src/mac.cpp,l:262,c:11->l:317,c:26)          
                                                                                                                  
input_ready.__channe  41 (25:FALSE)    --              FALSE  @(f:/scratch/projects/yingj4/esp/accelerators/stra  
                                                                                                                  
compute_kernel::ping  52 (29:FALSE)    --              FALSE  @(f:../src/mac.cpp,l:262,c:11->l:297,c:10)          
                                                                                                                  
compute_kernel::vect  52 (29:FALSE)    --              FALSE  @(f:../src/mac.cpp,l:262,c:11->l:305,c:22)          
                                                                                                                  
compute_kernel::vect  52 (29:FALSE)    --              FALSE  @(f:../src/mac.cpp,l:262,c:11->l:306,c:22)          
                                                                                                                  
compute_kernel::acc.  52 (29:FALSE)    --              FALSE  @(f:../src/mac.cpp,l:262,c:11->l:307,c:21)          
                                                                                                                  
compute_kernel::i.co  52 (29:FALSE)    --              FALSE  @(f:../src/mac.cpp,l:262,c:11->l:317,c:26)          
                                                                                                                  
plm_in_ping.compute_  52 (29:FALSE)    --              FALSE  ../src/mac.hpp,l:59,c:31                            
                                                                                                                  
plm_in_pong.compute_  52 (29:FALSE)    --              FALSE  ../src/mac.hpp,l:60,c:31                            
                                                                                                                  
plm_out_pong.compute  52 (29:FALSE)    --              FALSE  ../src/mac.hpp,l:62,c:31                            
                                                                                                                  
plm_out_ping.compute  52 (29:FALSE)    --              FALSE  ../src/mac.hpp,l:61,c:31                            
                                                                                                                  
compute_kernel        52 (29:FALSE)    --              FALSE  ../src/mac.cpp,l:262,c:11 -> l:323,c:34             
                                                                                                                  
compute_kernel        52 (29:FALSE)    --              FALSE  ../src/mac.cpp,l:262,c:11 -> l:318,c:21             
                                                                                                                  
compute_kernel        52 (29:FALSE)    --              FALSE  ../src/mac.cpp,l:262,c:11 -> l:319,c:63             
                                                                                                                  
compute_kernel        52 (29:FALSE)    --              FALSE  ../src/mac.cpp,l:262,c:11 -> l:321,c:63             
                                                                                                                  
compute_kernel        56 (29:TRUE)     --              FALSE  ../src/mac.cpp,l:262,c:11 -> l:327,c:25             
                                                                                                                  
compute_kernel        56 (29:TRUE)     --              FALSE  ../src/mac.cpp,l:262,c:11 -> l:326,c:38             
                                                                                                                  
plm_in_ping.compute_  56 (29:TRUE)     --              FALSE  ../src/mac.hpp,l:59,c:31                            
                                                                                                                  
plm_in_pong.compute_  56 (29:TRUE)     --              FALSE  ../src/mac.hpp,l:60,c:31                            
                                                                                                                  
compute_kernel        56 (29:TRUE)     --              FALSE  ../src/mac.cpp,l:262,c:11                           
                                                                                                                  
compute_kernel        60 (29:TRUE)     --              FALSE  ../src/mac.cpp,l:262,c:11 -> l:326,c:21             
                                                                                                                  
compute_kernel        60 (29:TRUE)     --              FALSE  ../src/mac.cpp,l:262,c:11 -> l:337,c:28             
                                                                                                                  
compute_kernel        64 (29:TRUE)     --              FALSE  ../src/mac.cpp,l:262,c:11 -> l:326,c:21             
                                                                                                                  
compute_kernel        64 (29:TRUE)     --              FALSE  ../src/mac.cpp,l:262,c:11 -> l:317,c:47             
                                                                                                                  
plm_in_ping.compute_  64 (29:TRUE)     --              FALSE  ../src/mac.hpp,l:59,c:31                            
                                                                                                                  
plm_in_pong.compute_  64 (29:TRUE)     --              FALSE  ../src/mac.hpp,l:60,c:31                            
                                                                                                                  
compute_kernel        64 (29:TRUE)     --              FALSE  ../src/mac.cpp,l:262,c:11                           
                                                                                                                  
compute_kernel        64 (29:TRUE)     --              FALSE  ../src/mac.cpp,l:262,c:11 -> l:321,c:47             
                                                                                                                  
compute_kernel        64 (29:TRUE)     --              FALSE  ../src/mac.cpp,l:262,c:11 -> l:321,c:29             
                                                                                                                  
compute_kernel        68 (29:TRUE)     --              FALSE  ../src/mac.cpp,l:262,c:11 -> l:317,c:35             
                                                                                                                  
compute_kernel        68 (29:TRUE)     --              FALSE  ../src/mac.cpp,l:262,c:11                           
                                                                                                                  
compute_kernel        68 (29:TRUE)     --              FALSE  ../src/mac.cpp,l:262,c:11 -> l:334,c:38             
                                                                                                                  
compute_kernel        68 (29:TRUE)     --              FALSE  ../src/mac.cpp,l:262,c:11                           
                                                                                                                  
plm_out_pong.compute  68 (29:TRUE)     --              FALSE  ../src/mac.hpp,l:62,c:31                            
                                                                                                                  
plm_out_ping.compute  68 (29:TRUE)     --              FALSE  ../src/mac.hpp,l:61,c:31                            
                                                                                                                  
compute_kernel::in_l  71 (27:FALSE)    --              FALSE  @(f:../src/mac.cpp,l:262,c:11->l:312,c:26)          
                                                                                                                  
compute_kernel::in_l  71 (27:FALSE)    --              FALSE  @(f:../src/mac.cpp,l:262,c:11->l:312,c:26)          
                                                                                                                  
compute_kernel::in_l  71 (27:FALSE)    --              FALSE  @(f:../src/mac.cpp,l:262,c:11->l:312,c:26)          
                                                                                                                  
compute_kernel::in_l  71 (27:FALSE)    --              FALSE  @(f:../src/mac.cpp,l:262,c:11->l:312,c:26)          
                                                                                                                  
compute_kernel        76 (32:FALSE)    --              FALSE  ../src/mac.cpp,l:262,c:11 -> l:309,c:49             
                                                                                                                  
compute_kernel        78 (18:FALSE)    --              FALSE  ../src/mac.cpp,l:262,c:11                           
                                                                                                                  
output_ready.__chann  82 (35:FALSE)    --              FALSE  @(f:/scratch/projects/yingj4/esp/accelerators/stra  
                                                                                                                  
output_ready.__chann  86 (37:TRUE)     --              FALSE  @(f:/scratch/projects/yingj4/esp/accelerators/stra  
                                                                                                                  
compute_kernel        86 (37:TRUE)     --              FALSE  ../src/mac.cpp,l:262,c:11 -> l:342,c:24             
                                                                                                                  
compute_kernel        86 (37:TRUE)     --              FALSE  ../src/mac.cpp,l:262,c:11 -> l:300,c:32             
                                                                                                                  
output_ready.__chann  89 (39:FALSE)    --              FALSE  @(f:/scratch/projects/yingj4/esp/accelerators/stra  
                                                                                                                  
                                                                                                                  
