

================================================================
== Vivado HLS Report for 'store'
================================================================
* Date:           Sun Mar 28 21:18:47 2021

* Version:        2019.2 (Build 2704478 on Wed Nov 06 22:10:23 MST 2019)
* Project:        mac_vivado_dma64_w32
* Solution:       mac_vivado_acc
* Product family: virtex7
* Target device:  xc7v2000t-flg1925-2


================================================================
== Performance Estimates
================================================================
+ Timing: 
    * Summary: 
    +--------+----------+----------+------------+
    |  Clock |  Target  | Estimated| Uncertainty|
    +--------+----------+----------+------------+
    |ap_clk  | 10.00 ns | 8.508 ns |   1.25 ns  |
    +--------+----------+----------+------------+

+ Latency: 
    * Summary: 
    +---------+---------+----------+----------+-----+-----+---------+
    |  Latency (cycles) |  Latency (absolute) |  Interval | Pipeline|
    |   min   |   max   |    min   |    max   | min | max |   Type  |
    +---------+---------+----------+----------+-----+-----+---------+
    |        ?|        ?|         ?|         ?|    ?|    ?|   none  |
    +---------+---------+----------+----------+-----+-----+---------+

    + Detail: 
        * Instance: 
        N/A

        * Loop: 
        +----------+---------+---------+----------+-----------+-----------+------+----------+
        |          |  Latency (cycles) | Iteration|  Initiation Interval  | Trip |          |
        | Loop Name|   min   |   max   |  Latency |  achieved |   target  | Count| Pipelined|
        +----------+---------+---------+----------+-----------+-----------+------+----------+
        |- Loop 1  |        ?|        ?|         2|          -|          -|     ?|    no    |
        +----------+---------+---------+----------+-----------+-----------+------+----------+

============================================================
+ Verbose Summary: Synthesis Manager
============================================================
InlineROM: 1
ExposeGlobal: 0
============================================================
+ Verbose Summary: CDFG Model
============================================================
IsTopModel: 0
ResetActiveHigh: 1
IsCombinational: 2
IsDatapathOnly: 0
HasWiredReturn: 1
HasMFsm: 0
HasVarLatency: 1
IsPipeline: 0
IsRtlPipelined: 0
IsInstanceOverlapped: 0
IsDontTouch: 0
HasImplIP: 0
IsGatedGlobalClock: 0


============================================================
+ Verbose Summary: Schedule
============================================================
* Number of FSM states : 6
* Pipeline : 0
* Dataflow Pipeline: 0

* FSM state transitions: 
1 --> 2 
2 --> 3 
3 --> 4 
4 --> 5 
5 --> 6 
6 --> 5 

* FSM state operations: 

State 1 <SV = 0> <Delay = 7.87>
ST_1 : Operation 7 [1/1] (2.39ns)   --->   "%mac_n_read = call i32 @_ssdm_op_Read.ap_fifo.i32P(i32* %mac_n)" [../src/espacc.cc:37]   --->   Operation 7 'read' 'mac_n_read' <Predicate = true> <Delay = 2.39> <Core = "FIFO">   --->   Core 32 'FIFO' <Latency = 0> <II = 1> <Delay = 2.39> <Storage> <Opcode : 'read' 'write' 'nbread' 'nbwrite'> <Ports = 0> <Width = 64> <Depth = 2> <FIFO>
ST_1 : Operation 8 [1/1] (2.39ns)   --->   "%mac_vec_read = call i32 @_ssdm_op_Read.ap_fifo.i32P(i32* %mac_vec)" [../src/espacc.cc:38]   --->   Operation 8 'read' 'mac_vec_read' <Predicate = true> <Delay = 2.39> <Core = "FIFO">   --->   Core 32 'FIFO' <Latency = 0> <II = 1> <Delay = 2.39> <Storage> <Opcode : 'read' 'write' 'nbread' 'nbwrite'> <Ports = 0> <Width = 64> <Depth = 2> <FIFO>
ST_1 : Operation 9 [1/1] (2.39ns)   --->   "%mac_len_read = call i32 @_ssdm_op_Read.ap_fifo.i32P(i32* %mac_len)" [../src/espacc.cc:39]   --->   Operation 9 'read' 'mac_len_read' <Predicate = true> <Delay = 2.39> <Core = "FIFO">   --->   Core 32 'FIFO' <Latency = 0> <II = 1> <Delay = 2.39> <Storage> <Opcode : 'read' 'write' 'nbread' 'nbwrite'> <Ports = 0> <Width = 64> <Depth = 2> <FIFO>
ST_1 : Operation 10 [1/1] (2.39ns)   --->   "%chunk_read = call i32 @_ssdm_op_Read.ap_fifo.i32P(i32* %chunk)" [../src/espacc.cc:40]   --->   Operation 10 'read' 'chunk_read' <Predicate = true> <Delay = 2.39> <Core = "FIFO">   --->   Core 32 'FIFO' <Latency = 0> <II = 1> <Delay = 2.39> <Storage> <Opcode : 'read' 'write' 'nbread' 'nbwrite'> <Ports = 0> <Width = 64> <Depth = 2> <FIFO>
ST_1 : Operation 11 [1/1] (5.48ns)   --->   "%mul_ln45 = mul i32 %mac_vec_read, %mac_len_read" [../src/espacc.cc:45->../src/espacc.cc:142]   --->   Operation 11 'mul' 'mul_ln45' <Predicate = true> <Delay = 5.48> <Core = "Mul">   --->   Core 16 'Mul' <Latency = 0> <II = 1> <Delay = 5.48> <FuncUnit> <Opcode : 'mul'> <InPorts = 2> <OutPorts = 1>

State 2 <SV = 1> <Delay = 8.50>
ST_2 : Operation 12 [1/1] (1.51ns)   --->   "%add_ln44 = add i32 %mac_vec_read, -1" [../src/espacc.cc:44->../src/espacc.cc:142]   --->   Operation 12 'add' 'add_ln44' <Predicate = true> <Delay = 1.51> <Core = "AddSub">   --->   Core 14 'AddSub' <Latency = 0> <II = 1> <Delay = 1.50> <FuncUnit> <Opcode : 'add' 'sub'> <InPorts = 2> <OutPorts = 1>
ST_2 : Operation 13 [1/1] (0.00ns) (grouped into LUT with out node length)   --->   "%or_ln44 = or i32 %add_ln44, 1" [../src/espacc.cc:44->../src/espacc.cc:142]   --->   Operation 13 'or' 'or_ln44' <Predicate = true> <Delay = 0.00>
ST_2 : Operation 14 [1/1] (1.51ns) (out node of the LUT)   --->   "%length = add i32 %or_ln44, 1" [../src/espacc.cc:44->../src/espacc.cc:142]   --->   Operation 14 'add' 'length' <Predicate = true> <Delay = 1.51> <Core = "AddSub">   --->   Core 14 'AddSub' <Latency = 0> <II = 1> <Delay = 1.50> <FuncUnit> <Opcode : 'add' 'sub'> <InPorts = 2> <OutPorts = 1>
ST_2 : Operation 15 [1/1] (1.51ns)   --->   "%add_ln45 = add i32 %mul_ln45, -1" [../src/espacc.cc:45->../src/espacc.cc:142]   --->   Operation 15 'add' 'add_ln45' <Predicate = true> <Delay = 1.51> <Core = "AddSub">   --->   Core 14 'AddSub' <Latency = 0> <II = 1> <Delay = 1.50> <FuncUnit> <Opcode : 'add' 'sub'> <InPorts = 2> <OutPorts = 1>
ST_2 : Operation 16 [1/1] (0.00ns) (grouped into LUT with out node add_ln45_1)   --->   "%or_ln45 = or i32 %add_ln45, 1" [../src/espacc.cc:45->../src/espacc.cc:142]   --->   Operation 16 'or' 'or_ln45' <Predicate = true> <Delay = 0.00>
ST_2 : Operation 17 [1/1] (1.51ns) (out node of the LUT)   --->   "%add_ln45_1 = add i32 %or_ln45, 1" [../src/espacc.cc:45->../src/espacc.cc:142]   --->   Operation 17 'add' 'add_ln45_1' <Predicate = true> <Delay = 1.51> <Core = "AddSub">   --->   Core 14 'AddSub' <Latency = 0> <II = 1> <Delay = 1.50> <FuncUnit> <Opcode : 'add' 'sub'> <InPorts = 2> <OutPorts = 1>
ST_2 : Operation 18 [1/1] (5.48ns)   --->   "%store_offset = mul i32 %mac_n_read, %add_ln45_1" [../src/espacc.cc:45->../src/espacc.cc:142]   --->   Operation 18 'mul' 'store_offset' <Predicate = true> <Delay = 5.48> <Core = "Mul">   --->   Core 16 'Mul' <Latency = 0> <II = 1> <Delay = 5.48> <FuncUnit> <Opcode : 'mul'> <InPorts = 2> <OutPorts = 1>
ST_2 : Operation 19 [1/1] (5.48ns)   --->   "%mul_ln47 = mul i32 %chunk_read, %length" [../src/espacc.cc:47->../src/espacc.cc:142]   --->   Operation 19 'mul' 'mul_ln47' <Predicate = true> <Delay = 5.48> <Core = "Mul">   --->   Core 16 'Mul' <Latency = 0> <II = 1> <Delay = 5.48> <FuncUnit> <Opcode : 'mul'> <InPorts = 2> <OutPorts = 1>
ST_2 : Operation 20 [1/1] (0.00ns)   --->   "%dma_length = call i31 @_ssdm_op_PartSelect.i31.i32.i32.i32(i32 %length, i32 1, i32 31)" [../src/espacc.cc:49->../src/espacc.cc:142]   --->   Operation 20 'partselect' 'dma_length' <Predicate = true> <Delay = 0.00>

State 3 <SV = 2> <Delay = 1.51>
ST_3 : Operation 21 [1/1] (1.51ns)   --->   "%index = add i32 %mul_ln47, %store_offset" [../src/espacc.cc:47->../src/espacc.cc:142]   --->   Operation 21 'add' 'index' <Predicate = true> <Delay = 1.51> <Core = "AddSub">   --->   Core 14 'AddSub' <Latency = 0> <II = 1> <Delay = 1.50> <FuncUnit> <Opcode : 'add' 'sub'> <InPorts = 2> <OutPorts = 1>
ST_3 : Operation 22 [1/1] (0.00ns)   --->   "%dma_length_1 = zext i31 %dma_length to i32" [../src/espacc.cc:49->../src/espacc.cc:142]   --->   Operation 22 'zext' 'dma_length_1' <Predicate = true> <Delay = 0.00>
ST_3 : Operation 23 [1/1] (0.00ns)   --->   "%dma_index = call i31 @_ssdm_op_PartSelect.i31.i32.i32.i32(i32 %index, i32 1, i32 31)" [../src/espacc.cc:50->../src/espacc.cc:142]   --->   Operation 23 'partselect' 'dma_index' <Predicate = true> <Delay = 0.00>
ST_3 : Operation 24 [1/1] (0.00ns)   --->   "%dma_index_1 = zext i31 %dma_index to i32" [../src/espacc.cc:50->../src/espacc.cc:142]   --->   Operation 24 'zext' 'dma_index_1' <Predicate = true> <Delay = 0.00>
ST_3 : Operation 25 [1/1] (0.00ns)   --->   "%store_ctrl3_part_set = call i96 @_ssdm_op_BitConcatenate.i96.i32.i32.i32(i32 2, i32 %dma_length_1, i32 %dma_index_1)" [../src/espacc.cc:54->../src/espacc.cc:142]   --->   Operation 25 'bitconcatenate' 'store_ctrl3_part_set' <Predicate = true> <Delay = 0.00>
ST_3 : Operation 26 [2/2] (0.00ns)   --->   "call void @_ssdm_op_Write.ap_auto.i96P(i96* %store_ctrl, i96 %store_ctrl3_part_set)" [../src/espacc.cc:54->../src/espacc.cc:142]   --->   Operation 26 'write' <Predicate = true> <Delay = 0.00>

State 4 <SV = 3> <Delay = 0.85>
ST_4 : Operation 27 [1/1] (0.00ns)   --->   "call void (...)* @_ssdm_op_SpecInterface(i64* %out_word_V, [8 x i8]* @p_str3, i32 0, i32 0, [1 x i8]* @p_str1, i32 0, i32 100000, [1 x i8]* @p_str1, [1 x i8]* @p_str1, [1 x i8]* @p_str1, i32 0, i32 0, i32 0, i32 0, [1 x i8]* @p_str1, [1 x i8]* @p_str1) nounwind"   --->   Operation 27 'specinterface' <Predicate = true> <Delay = 0.00>
ST_4 : Operation 28 [1/1] (0.00ns)   --->   "call void (...)* @_ssdm_op_SpecInterface(i64* %out_word_V, [8 x i8]* @p_str3, i32 0, i32 0, [1 x i8]* @p_str1, i32 0, i32 100000, [1 x i8]* @p_str1, [1 x i8]* @p_str1, [1 x i8]* @p_str1, i32 0, i32 0, i32 0, i32 0, [1 x i8]* @p_str1, [1 x i8]* @p_str1) nounwind"   --->   Operation 28 'specinterface' <Predicate = true> <Delay = 0.00>
ST_4 : Operation 29 [1/1] (0.00ns)   --->   "call void (...)* @_ssdm_op_SpecInterface(i32* %chunk, [8 x i8]* @ap_fifo_str, i32 0, i32 0, [1 x i8]* @p_str, i32 0, i32 0, [1 x i8]* @p_str, [1 x i8]* @p_str, [1 x i8]* @p_str, i32 2, i32 2, i32 16, i32 16, [1 x i8]* @p_str, [11 x i8]* @ScalarProp_str)"   --->   Operation 29 'specinterface' <Predicate = true> <Delay = 0.00>
ST_4 : Operation 30 [1/1] (0.00ns)   --->   "call void (...)* @_ssdm_op_SpecInterface(i32* %mac_len, [8 x i8]* @ap_fifo_str, i32 0, i32 0, [1 x i8]* @p_str, i32 0, i32 0, [1 x i8]* @p_str, [1 x i8]* @p_str, [1 x i8]* @p_str, i32 2, i32 2, i32 16, i32 16, [1 x i8]* @p_str, [11 x i8]* @ScalarProp_str)"   --->   Operation 30 'specinterface' <Predicate = true> <Delay = 0.00>
ST_4 : Operation 31 [1/1] (0.00ns)   --->   "call void (...)* @_ssdm_op_SpecInterface(i32* %mac_vec, [8 x i8]* @ap_fifo_str, i32 0, i32 0, [1 x i8]* @p_str, i32 0, i32 0, [1 x i8]* @p_str, [1 x i8]* @p_str, [1 x i8]* @p_str, i32 2, i32 2, i32 16, i32 16, [1 x i8]* @p_str, [11 x i8]* @ScalarProp_str)"   --->   Operation 31 'specinterface' <Predicate = true> <Delay = 0.00>
ST_4 : Operation 32 [1/1] (0.00ns)   --->   "call void (...)* @_ssdm_op_SpecInterface(i32* %mac_n, [8 x i8]* @ap_fifo_str, i32 0, i32 0, [1 x i8]* @p_str, i32 0, i32 0, [1 x i8]* @p_str, [1 x i8]* @p_str, [1 x i8]* @p_str, i32 2, i32 2, i32 16, i32 16, [1 x i8]* @p_str, [11 x i8]* @ScalarProp_str)"   --->   Operation 32 'specinterface' <Predicate = true> <Delay = 0.00>
ST_4 : Operation 33 [1/1] (0.00ns)   --->   "call void (...)* @_ssdm_op_SpecInterface(i64* %out_word_V, [8 x i8]* @p_str3, i32 0, i32 0, [1 x i8]* @p_str1, i32 0, i32 100000, [1 x i8]* @p_str1, [1 x i8]* @p_str1, [1 x i8]* @p_str1, i32 0, i32 0, i32 0, i32 0, [1 x i8]* @p_str1, [1 x i8]* @p_str1) nounwind"   --->   Operation 33 'specinterface' <Predicate = true> <Delay = 0.00>
ST_4 : Operation 34 [1/1] (0.00ns)   --->   "call void (...)* @_ssdm_op_SpecInterface(i64* %out_word_V, [8 x i8]* @p_str3, i32 0, i32 0, [1 x i8]* @p_str1, i32 0, i32 100000, [1 x i8]* @p_str1, [1 x i8]* @p_str1, [1 x i8]* @p_str1, i32 0, i32 0, i32 0, i32 0, [1 x i8]* @p_str1, [1 x i8]* @p_str1) nounwind"   --->   Operation 34 'specinterface' <Predicate = true> <Delay = 0.00>
ST_4 : Operation 35 [1/2] (0.00ns)   --->   "call void @_ssdm_op_Write.ap_auto.i96P(i96* %store_ctrl, i96 %store_ctrl3_part_set)" [../src/espacc.cc:54->../src/espacc.cc:142]   --->   Operation 35 'write' <Predicate = true> <Delay = 0.00>
ST_4 : Operation 36 [1/1] (0.85ns)   --->   "br label %0" [../src/espacc.cc:56->../src/espacc.cc:142]   --->   Operation 36 'br' <Predicate = true> <Delay = 0.85>

State 5 <SV = 4> <Delay = 2.26>
ST_5 : Operation 37 [1/1] (0.00ns)   --->   "%i_0_i_i = phi i31 [ 0, %entry ], [ %i, %.preheader.preheader.i.i ]"   --->   Operation 37 'phi' 'i_0_i_i' <Predicate = true> <Delay = 0.00>
ST_5 : Operation 38 [1/1] (1.25ns)   --->   "%icmp_ln56 = icmp eq i31 %i_0_i_i, %dma_length" [../src/espacc.cc:56->../src/espacc.cc:142]   --->   Operation 38 'icmp' 'icmp_ln56' <Predicate = true> <Delay = 1.25> <Core = "Cmp">   --->   Core 25 'Cmp' <Latency = 0> <II = 1> <Delay = 1.25> <FuncUnit> <Opcode : 'icmp'> <InPorts = 2> <OutPorts = 1>
ST_5 : Operation 39 [1/1] (1.50ns)   --->   "%i = add i31 %i_0_i_i, 1" [../src/espacc.cc:56->../src/espacc.cc:142]   --->   Operation 39 'add' 'i' <Predicate = true> <Delay = 1.50> <Core = "AddSub">   --->   Core 14 'AddSub' <Latency = 0> <II = 1> <Delay = 1.50> <FuncUnit> <Opcode : 'add' 'sub'> <InPorts = 2> <OutPorts = 1>
ST_5 : Operation 40 [1/1] (0.00ns)   --->   "br i1 %icmp_ln56, label %.exit, label %.preheader.preheader.i.i" [../src/espacc.cc:56->../src/espacc.cc:142]   --->   Operation 40 'br' <Predicate = true> <Delay = 0.00>
ST_5 : Operation 41 [1/1] (0.00ns)   --->   "%zext_ln180 = zext i31 %i_0_i_i to i64" [../src/espacc.cc:58->../src/espacc.cc:142]   --->   Operation 41 'zext' 'zext_ln180' <Predicate = (!icmp_ln56)> <Delay = 0.00>
ST_5 : Operation 42 [1/1] (0.00ns)   --->   "%p_outbuff_0_V_addr = getelementptr [50 x i32]* %p_outbuff_0_V, i64 0, i64 %zext_ln180" [../src/espacc.cc:58->../src/espacc.cc:142]   --->   Operation 42 'getelementptr' 'p_outbuff_0_V_addr' <Predicate = (!icmp_ln56)> <Delay = 0.00>
ST_5 : Operation 43 [2/2] (2.26ns)   --->   "%p_outbuff_0_V_load = load i32* %p_outbuff_0_V_addr, align 4" [../src/espacc.cc:58->../src/espacc.cc:142]   --->   Operation 43 'load' 'p_outbuff_0_V_load' <Predicate = (!icmp_ln56)> <Delay = 2.26> <Core = "RAM">   --->   Core 37 'RAM' <Latency = 1> <II = 1> <Delay = 2.26> <Storage> <Opcode : 'load' 'store'> <Ports = 2> <Width = 32> <Depth = 50> <RAM>
ST_5 : Operation 44 [1/1] (0.00ns)   --->   "%p_outbuff_1_V_addr = getelementptr [50 x i32]* %p_outbuff_1_V, i64 0, i64 %zext_ln180" [../src/espacc.cc:58->../src/espacc.cc:142]   --->   Operation 44 'getelementptr' 'p_outbuff_1_V_addr' <Predicate = (!icmp_ln56)> <Delay = 0.00>
ST_5 : Operation 45 [2/2] (2.26ns)   --->   "%p_outbuff_1_V_load = load i32* %p_outbuff_1_V_addr, align 4" [../src/espacc.cc:58->../src/espacc.cc:142]   --->   Operation 45 'load' 'p_outbuff_1_V_load' <Predicate = (!icmp_ln56)> <Delay = 2.26> <Core = "RAM">   --->   Core 37 'RAM' <Latency = 1> <II = 1> <Delay = 2.26> <Storage> <Opcode : 'load' 'store'> <Ports = 2> <Width = 32> <Depth = 50> <RAM>
ST_5 : Operation 46 [1/1] (0.00ns)   --->   "ret void" [../src/espacc.cc:142]   --->   Operation 46 'ret' <Predicate = (icmp_ln56)> <Delay = 0.00>

State 6 <SV = 5> <Delay = 4.65>
ST_6 : Operation 47 [1/2] (2.26ns)   --->   "%p_outbuff_0_V_load = load i32* %p_outbuff_0_V_addr, align 4" [../src/espacc.cc:58->../src/espacc.cc:142]   --->   Operation 47 'load' 'p_outbuff_0_V_load' <Predicate = true> <Delay = 2.26> <Core = "RAM">   --->   Core 37 'RAM' <Latency = 1> <II = 1> <Delay = 2.26> <Storage> <Opcode : 'load' 'store'> <Ports = 2> <Width = 32> <Depth = 50> <RAM>
ST_6 : Operation 48 [1/2] (2.26ns)   --->   "%p_outbuff_1_V_load = load i32* %p_outbuff_1_V_addr, align 4" [../src/espacc.cc:58->../src/espacc.cc:142]   --->   Operation 48 'load' 'p_outbuff_1_V_load' <Predicate = true> <Delay = 2.26> <Core = "RAM">   --->   Core 37 'RAM' <Latency = 1> <II = 1> <Delay = 2.26> <Storage> <Opcode : 'load' 'store'> <Ports = 2> <Width = 32> <Depth = 50> <RAM>
ST_6 : Operation 49 [1/1] (0.00ns)   --->   "%tmp_i_i = call i64 @_ssdm_op_BitConcatenate.i64.i32.i32(i32 %p_outbuff_1_V_load, i32 %p_outbuff_0_V_load)" [../src/espacc.cc:58->../src/espacc.cc:142]   --->   Operation 49 'bitconcatenate' 'tmp_i_i' <Predicate = true> <Delay = 0.00>
ST_6 : Operation 50 [1/1] (2.39ns)   --->   "call void @_ssdm_op_Write.ap_fifo.i64P(i64* %out_word_V, i64 %tmp_i_i)" [../src/espacc.cc:58->../src/espacc.cc:142]   --->   Operation 50 'write' <Predicate = true> <Delay = 2.39> <Core = "FIFO">   --->   Core 32 'FIFO' <Latency = 0> <II = 1> <Delay = 2.39> <Storage> <Opcode : 'read' 'write' 'nbread' 'nbwrite'> <Ports = 0> <Width = 64> <Depth = 2> <FIFO>
ST_6 : Operation 51 [1/1] (0.00ns)   --->   "br label %0" [../src/espacc.cc:56->../src/espacc.cc:142]   --->   Operation 51 'br' <Predicate = true> <Delay = 0.00>


============================================================
+ Verbose Summary: Timing violations
============================================================
Target clock period: 10ns, clock uncertainty: 1.25ns.

 <State 1>: 7.87ns
The critical path consists of the following:
	fifo read on port 'mac_vec' (../src/espacc.cc:38) [16]  (2.39 ns)
	'mul' operation ('mul_ln45', ../src/espacc.cc:45->../src/espacc.cc:142) [24]  (5.48 ns)

 <State 2>: 8.51ns
The critical path consists of the following:
	'add' operation ('add_ln44', ../src/espacc.cc:44->../src/espacc.cc:142) [21]  (1.51 ns)
	'or' operation ('or_ln44', ../src/espacc.cc:44->../src/espacc.cc:142) [22]  (0 ns)
	'add' operation ('length', ../src/espacc.cc:44->../src/espacc.cc:142) [23]  (1.51 ns)
	'mul' operation ('mul_ln47', ../src/espacc.cc:47->../src/espacc.cc:142) [29]  (5.48 ns)

 <State 3>: 1.51ns
The critical path consists of the following:
	'add' operation ('index', ../src/espacc.cc:47->../src/espacc.cc:142) [30]  (1.51 ns)

 <State 4>: 0.85ns
The critical path consists of the following:
	multiplexor before 'phi' operation ('i') with incoming values : ('i', ../src/espacc.cc:56->../src/espacc.cc:142) [39]  (0.85 ns)

 <State 5>: 2.27ns
The critical path consists of the following:
	'phi' operation ('i') with incoming values : ('i', ../src/espacc.cc:56->../src/espacc.cc:142) [39]  (0 ns)
	'getelementptr' operation ('p_outbuff_0_V_addr', ../src/espacc.cc:58->../src/espacc.cc:142) [45]  (0 ns)
	'load' operation ('p_outbuff_0_V_load', ../src/espacc.cc:58->../src/espacc.cc:142) on array 'p_outbuff_0_V' [46]  (2.27 ns)

 <State 6>: 4.66ns
The critical path consists of the following:
	'load' operation ('p_outbuff_0_V_load', ../src/espacc.cc:58->../src/espacc.cc:142) on array 'p_outbuff_0_V' [46]  (2.27 ns)
	fifo write on port 'out_word_V' (../src/espacc.cc:58->../src/espacc.cc:142) [50]  (2.39 ns)


============================================================
+ Verbose Summary: Binding
============================================================
N/A
* FSMD analyzer results:
  - Output states:
 - Input state : 
  - Chain level:
	State 1
	State 2
	State 3
	State 4
	State 5
	State 6


============================================================
+ Verbose Summary: Datapath Resource usage 
============================================================
N/A
