

================================================================
== Vivado HLS Report for 'compute'
================================================================
* Date:           Sun Mar 28 21:18:48 2021

* Version:        2019.2 (Build 2704478 on Wed Nov 06 22:10:23 MST 2019)
* Project:        mac_vivado_dma64_w32
* Solution:       mac_vivado_acc
* Product family: virtex7
* Target device:  xc7v2000t-flg1925-2


================================================================
== Performance Estimates
================================================================
+ Timing: 
    * Summary: 
    +--------+----------+----------+------------+
    |  Clock |  Target  | Estimated| Uncertainty|
    +--------+----------+----------+------------+
    |ap_clk  | 10.00 ns | 8.508 ns |   1.25 ns  |
    +--------+----------+----------+------------+

+ Latency: 
    * Summary: 
    +---------+---------+----------+----------+-----+-----+---------+
    |  Latency (cycles) |  Latency (absolute) |  Interval | Pipeline|
    |   min   |   max   |    min   |    max   | min | max |   Type  |
    +---------+---------+----------+----------+-----+-----+---------+
    |        ?|        ?|         ?|         ?|    ?|    ?|   none  |
    +---------+---------+----------+----------+-----+-----+---------+

    + Detail: 
        * Instance: 
        N/A

        * Loop: 
        +-------------+---------+---------+----------+-----------+-----------+------+----------+
        |             |  Latency (cycles) | Iteration|  Initiation Interval  | Trip |          |
        |  Loop Name  |   min   |   max   |  Latency |  achieved |   target  | Count| Pipelined|
        +-------------+---------+---------+----------+-----------+-----------+------+----------+
        |- Loop 1     |        ?|        ?|         2|          -|          -|     ?|    no    |
        |- Loop 2     |        ?|        ?|         ?|          -|          -|     ?|    no    |
        | + Loop 2.1  |        ?|        ?|         3|          -|          -|     ?|    no    |
        +-------------+---------+---------+----------+-----------+-----------+------+----------+



================================================================
== Utilization Estimates
================================================================
* Summary: 
+---------------------+---------+-------+---------+---------+-----+
|         Name        | BRAM_18K| DSP48E|    FF   |   LUT   | URAM|
+---------------------+---------+-------+---------+---------+-----+
|DSP                  |        -|      -|        -|        -|    -|
|Expression           |        -|      6|        0|      499|    -|
|FIFO                 |        -|      -|        -|        -|    -|
|Instance             |        -|      -|        -|        -|    -|
|Memory               |        -|      -|        -|        -|    -|
|Multiplexer          |        -|      -|        -|      233|    -|
|Register             |        -|      -|      399|        -|    -|
+---------------------+---------+-------+---------+---------+-----+
|Total                |        0|      6|      399|      732|    0|
+---------------------+---------+-------+---------+---------+-----+
|Available SLR        |      646|    540|   610800|   305400|    0|
+---------------------+---------+-------+---------+---------+-----+
|Utilization SLR (%)  |        0|      1|    ~0   |    ~0   |  100|
+---------------------+---------+-------+---------+---------+-----+
|Available            |     2584|   2160|  2443200|  1221600|    0|
+---------------------+---------+-------+---------+---------+-----+
|Utilization (%)      |        0|   ~0  |    ~0   |    ~0   |    0|
+---------------------+---------+-------+---------+---------+-----+

+ Detail: 
    * Instance: 
    N/A

    * DSP48E: 
    N/A

    * Memory: 
    N/A

    * FIFO: 
    N/A

    * Expression: 
    +-------------------------+----------+-------+---+----+------------+------------+
    |      Variable Name      | Operation| DSP48E| FF| LUT| Bitwidth P0| Bitwidth P1|
    +-------------------------+----------+-------+---+----+------------+------------+
    |in_rem_2_fu_223_p2       |     *    |      3|  0|  21|          32|          32|
    |mul_ln95_fu_343_p2       |     *    |      3|  0|  21|          32|          32|
    |acc_fu_355_p2            |     +    |      0|  0|  39|          32|          32|
    |add_ln73_fu_227_p2       |     +    |      0|  0|  39|          32|           2|
    |i_1_fu_420_p2            |     +    |      0|  0|  20|          13|           2|
    |i_fu_250_p2              |     +    |      0|  0|  39|          32|           1|
    |in_rem_fu_337_p2         |     +    |      0|  0|  39|          32|          14|
    |length_fu_239_p2         |     +    |      0|  0|  39|          32|           1|
    |vector_index_fu_362_p2   |     +    |      0|  0|  39|          32|           2|
    |vector_number_fu_409_p2  |     +    |      0|  0|  39|          32|           1|
    |icmp_ln100_fu_368_p2     |   icmp   |      0|  0|  18|          32|          32|
    |icmp_ln75_fu_245_p2      |   icmp   |      0|  0|  18|          32|          32|
    |icmp_ln86_fu_292_p2      |   icmp   |      0|  0|  18|          32|           1|
    |icmp_ln89_fu_298_p2      |   icmp   |      0|  0|  18|          32|          13|
    |icmp_ln92_fu_316_p2      |   icmp   |      0|  0|  13|          13|          13|
    |ap_block_state1          |    or    |      0|  0|   2|           1|           1|
    |or_ln73_fu_233_p2        |    or    |      0|  0|  32|           1|          32|
    |in_len_fu_308_p3         |  select  |      0|  0|  13|           1|          12|
    |select_ln180_fu_283_p3   |  select  |      0|  0|  32|           1|          32|
    +-------------------------+----------+-------+---+----+------------+------------+
    |Total                    |          |      6|  0| 499|         446|         287|
    +-------------------------+----------+-------+---+----+------------+------------+

    * Multiplexer: 
    +------------------------+----+-----------+-----+-----------+
    |          Name          | LUT| Input Size| Bits| Total Bits|
    +------------------------+----+-----------+-----+-----------+
    |acc_0_i_fu_58           |   9|          2|   32|         64|
    |ap_NS_fsm               |  44|          9|    1|          9|
    |ap_done                 |   9|          2|    1|          2|
    |i1_0_i_reg_201          |   9|          2|   13|         26|
    |i_0_i_reg_180           |   9|          2|   32|         64|
    |in_rem_0_i_reg_191      |   9|          2|   32|         64|
    |mac_len_blk_n           |   9|          2|    1|          2|
    |mac_len_out_blk_n       |   9|          2|    1|          2|
    |mac_vec_blk_n           |   9|          2|    1|          2|
    |mac_vec_out_blk_n       |   9|          2|    1|          2|
    |p_inbuff_0_V_address0   |  15|          3|   12|         36|
    |p_inbuff_1_V_address0   |  15|          3|   12|         36|
    |p_outbuff_0_V_address0  |  15|          3|    6|         18|
    |p_outbuff_0_V_d0        |  15|          3|   32|         96|
    |p_outbuff_1_V_address0  |  15|          3|    6|         18|
    |p_outbuff_1_V_d0        |  15|          3|   32|         96|
    |vector_index_1_fu_66    |   9|          2|   32|         64|
    |vector_number_1_fu_62   |   9|          2|   32|         64|
    +------------------------+----+-----------+-----+-----------+
    |Total                   | 233|         49|  279|        665|
    +------------------------+----+-----------+-----+-----------+

    * Register: 
    +----------------------------+----+----+-----+-----------+
    |            Name            | FF | LUT| Bits| Const Bits|
    +----------------------------+----+----+-----+-----------+
    |acc_0_i_fu_58               |  32|   0|   32|          0|
    |ap_CS_fsm                   |   8|   0|    8|          0|
    |ap_done_reg                 |   1|   0|    1|          0|
    |i1_0_i_reg_201              |  13|   0|   13|          0|
    |i_0_i_reg_180               |  32|   0|   32|          0|
    |i_reg_450                   |  32|   0|   32|          0|
    |in_len_reg_505              |  13|   0|   13|          0|
    |in_rem_0_i_reg_191          |  32|   0|   32|          0|
    |in_rem_2_reg_437            |  32|   0|   32|          0|
    |length_reg_442              |  31|   0|   32|          1|
    |mac_len_read_reg_431        |  32|   0|   32|          0|
    |mac_vec_read_reg_426        |  32|   0|   32|          0|
    |mul_ln95_reg_528            |  32|   0|   32|          0|
    |p_outbuff_0_V_addr_reg_470  |   6|   0|    6|          0|
    |p_outbuff_1_V_addr_reg_475  |   6|   0|    6|          0|
    |trunc_ln180_reg_455         |   1|   0|    1|          0|
    |vector_index_1_fu_66        |  32|   0|   32|          0|
    |vector_number_1_fu_62       |  32|   0|   32|          0|
    +----------------------------+----+----+-----+-----------+
    |Total                       | 399|   0|  400|          1|
    +----------------------------+----+----+-----+-----------+



================================================================
== Interface
================================================================
* Summary: 
+------------------------+-----+-----+------------+---------------+--------------+
|        RTL Ports       | Dir | Bits|  Protocol  | Source Object |    C Type    |
+------------------------+-----+-----+------------+---------------+--------------+
|ap_clk                  |  in |    1| ap_ctrl_hs |    compute    | return value |
|ap_rst                  |  in |    1| ap_ctrl_hs |    compute    | return value |
|ap_start                |  in |    1| ap_ctrl_hs |    compute    | return value |
|ap_done                 | out |    1| ap_ctrl_hs |    compute    | return value |
|ap_continue             |  in |    1| ap_ctrl_hs |    compute    | return value |
|ap_idle                 | out |    1| ap_ctrl_hs |    compute    | return value |
|ap_ready                | out |    1| ap_ctrl_hs |    compute    | return value |
|p_inbuff_0_V_address0   | out |   12|  ap_memory |  p_inbuff_0_V |     array    |
|p_inbuff_0_V_ce0        | out |    1|  ap_memory |  p_inbuff_0_V |     array    |
|p_inbuff_0_V_q0         |  in |   32|  ap_memory |  p_inbuff_0_V |     array    |
|p_inbuff_1_V_address0   | out |   12|  ap_memory |  p_inbuff_1_V |     array    |
|p_inbuff_1_V_ce0        | out |    1|  ap_memory |  p_inbuff_1_V |     array    |
|p_inbuff_1_V_q0         |  in |   32|  ap_memory |  p_inbuff_1_V |     array    |
|mac_vec_dout            |  in |   32|   ap_fifo  |    mac_vec    |    pointer   |
|mac_vec_empty_n         |  in |    1|   ap_fifo  |    mac_vec    |    pointer   |
|mac_vec_read            | out |    1|   ap_fifo  |    mac_vec    |    pointer   |
|mac_len_dout            |  in |   32|   ap_fifo  |    mac_len    |    pointer   |
|mac_len_empty_n         |  in |    1|   ap_fifo  |    mac_len    |    pointer   |
|mac_len_read            | out |    1|   ap_fifo  |    mac_len    |    pointer   |
|p_outbuff_0_V_address0  | out |    6|  ap_memory | p_outbuff_0_V |     array    |
|p_outbuff_0_V_ce0       | out |    1|  ap_memory | p_outbuff_0_V |     array    |
|p_outbuff_0_V_we0       | out |    1|  ap_memory | p_outbuff_0_V |     array    |
|p_outbuff_0_V_d0        | out |   32|  ap_memory | p_outbuff_0_V |     array    |
|p_outbuff_1_V_address0  | out |    6|  ap_memory | p_outbuff_1_V |     array    |
|p_outbuff_1_V_ce0       | out |    1|  ap_memory | p_outbuff_1_V |     array    |
|p_outbuff_1_V_we0       | out |    1|  ap_memory | p_outbuff_1_V |     array    |
|p_outbuff_1_V_d0        | out |   32|  ap_memory | p_outbuff_1_V |     array    |
|mac_vec_out_din         | out |   32|   ap_fifo  |  mac_vec_out  |    pointer   |
|mac_vec_out_full_n      |  in |    1|   ap_fifo  |  mac_vec_out  |    pointer   |
|mac_vec_out_write       | out |    1|   ap_fifo  |  mac_vec_out  |    pointer   |
|mac_len_out_din         | out |   32|   ap_fifo  |  mac_len_out  |    pointer   |
|mac_len_out_full_n      |  in |    1|   ap_fifo  |  mac_len_out  |    pointer   |
|mac_len_out_write       | out |    1|   ap_fifo  |  mac_len_out  |    pointer   |
+------------------------+-----+-----+------------+---------------+--------------+

